Log file open, 09/19/20 17:26:24
LogInit: Display: Running engine for game: SpaceShooter
LogPlatformFile: Not using cached read wrapper
LogTaskGraph: Started task graph with 5 named threads and 23 total threads with 3 sets of task threads.
LogStats: Stats thread started at 2.403955
LogD3D11RHI: Loaded GFSDK_Aftermath_Lib.x64.dll
LogICUInternationalization: ICU TimeZone Detection - Raw Offset: +3:00, Platform Override: ''
LogPluginManager: Mounting plugin Paper2D
LogPluginManager: Mounting plugin AISupport
LogPluginManager: Mounting plugin LightPropagationVolume
LogPluginManager: Mounting plugin CameraShakePreviewer
LogPluginManager: Mounting plugin ActorLayerUtilities
LogPluginManager: Mounting plugin AnimationSharing
LogPluginManager: Mounting plugin CLionSourceCodeAccess
LogPluginManager: Mounting plugin CodeLiteSourceCodeAccess
LogPluginManager: Mounting plugin GitSourceControl
LogPluginManager: Mounting plugin KDevelopSourceCodeAccess
LogPluginManager: Mounting plugin NullSourceCodeAccess
LogPluginManager: Mounting plugin PerforceSourceControl
LogPluginManager: Mounting plugin PlasticSourceControl
LogPluginManager: Mounting plugin RiderLink
LogPluginManager: Mounting plugin RiderSourceCodeAccess
LogPluginManager: Mounting plugin SubversionSourceControl
LogPluginManager: Mounting plugin UObjectPlugin
LogPluginManager: Mounting plugin VisualStudioCodeSourceCodeAccess
LogPluginManager: Mounting plugin VisualStudioSourceCodeAccess
LogPluginManager: Mounting plugin XCodeSourceCodeAccess
LogPluginManager: Mounting plugin AssetManagerEditor
LogPluginManager: Mounting plugin CryptoKeys
LogPluginManager: Mounting plugin CurveEditorTools
LogPluginManager: Mounting plugin DataValidation
LogPluginManager: Mounting plugin EditorScriptingUtilities
LogPluginManager: Mounting plugin FacialAnimation
LogPluginManager: Mounting plugin GameplayTagsEditor
LogPluginManager: Mounting plugin GeometryMode
LogPluginManager: Mounting plugin MacGraphicsSwitching
LogPluginManager: Mounting plugin MaterialAnalyzer
LogPluginManager: Mounting plugin MobileLauncherProfileWizard
LogPluginManager: Mounting plugin PluginBrowser
LogPluginManager: Mounting plugin SpeedTreeImporter
LogPluginManager: Mounting plugin DatasmithContent
LogPluginManager: Mounting plugin VariantManagerContent
LogPluginManager: Mounting plugin AlembicImporter
LogPluginManager: Mounting plugin AutomationUtils
LogPluginManager: Mounting plugin BackChannel
LogPluginManager: Mounting plugin ChaosCloth
LogPluginManager: Mounting plugin ChaosClothEditor
LogPluginManager: Mounting plugin ChaosEditor
LogPluginManager: Mounting plugin ChaosNiagara
LogPluginManager: Mounting plugin ChaosSolverPlugin
LogPluginManager: Mounting plugin CharacterAI
LogPluginManager: Mounting plugin GeometryCache
LogPluginManager: Mounting plugin GeometryCollectionPlugin
LogPluginManager: Mounting plugin GeometryProcessing
LogPluginManager: Mounting plugin PlanarCut
LogPluginManager: Mounting plugin PlatformCrypto
LogPluginManager: Mounting plugin ProxyLODPlugin
LogPluginManager: Mounting plugin SkeletalReduction
LogPluginManager: Mounting plugin Niagara
LogPluginManager: Mounting plugin MagicLeap
LogPluginManager: Mounting plugin MagicLeapLightEstimation
LogPluginManager: Mounting plugin MagicLeapMedia
LogPluginManager: Mounting plugin MagicLeapPassableWorld
LogPluginManager: Mounting plugin MLSDK
LogPluginManager: Mounting plugin AndroidMedia
LogPluginManager: Mounting plugin AvfMedia
LogPluginManager: Mounting plugin ImgMedia
LogPluginManager: Mounting plugin MediaCompositing
LogPluginManager: Mounting plugin MediaPlayerEditor
LogPluginManager: Mounting plugin WebMMedia
LogPluginManager: Mounting plugin WmfMedia
LogPluginManager: Mounting plugin MeshPainting
LogPluginManager: Mounting plugin TcpMessaging
LogPluginManager: Mounting plugin UdpMessaging
LogPluginManager: Mounting plugin ActorSequence
LogPluginManager: Mounting plugin LevelSequenceEditor
LogPluginManager: Mounting plugin MatineeToLevelSequence
LogPluginManager: Mounting plugin MovieRenderPipeline
LogPluginManager: Mounting plugin TemplateSequence
LogPluginManager: Mounting plugin NetcodeUnitTest
LogPluginManager: Mounting plugin NUTUnrealEngine4
LogPluginManager: Mounting plugin OnlineSubsystemGooglePlay
LogPluginManager: Mounting plugin OnlineSubsystemIOS
LogPluginManager: Mounting plugin OnlineSubsystem
LogPluginManager: Mounting plugin OnlineSubsystemNull
LogPluginManager: Mounting plugin OnlineSubsystemUtils
LogPluginManager: Mounting plugin LauncherChunkInstaller
LogPluginManager: Mounting plugin AndroidDeviceProfileSelector
LogPluginManager: Mounting plugin AndroidMoviePlayer
LogPluginManager: Mounting plugin AndroidPermission
LogPluginManager: Mounting plugin AppleImageUtils
LogPluginManager: Mounting plugin AppleMoviePlayer
LogPluginManager: Mounting plugin ArchVisCharacter
LogPluginManager: Mounting plugin AssetTags
LogPluginManager: Mounting plugin AudioCapture
LogPluginManager: Mounting plugin CableComponent
LogPluginManager: Mounting plugin CustomMeshComponent
LogPluginManager: Mounting plugin EditableMesh
LogPluginManager: Mounting plugin ExampleDeviceProfileSelector
LogPluginManager: Mounting plugin GoogleCloudMessaging
LogPluginManager: Mounting plugin GooglePAD
LogPluginManager: Mounting plugin IOSDeviceProfileSelector
LogPluginManager: Mounting plugin LinuxDeviceProfileSelector
LogPluginManager: Mounting plugin LocationServicesBPLibrary
LogPluginManager: Mounting plugin MobilePatchingUtils
LogPluginManager: Mounting plugin PhysXVehicles
LogPluginManager: Mounting plugin PostSplashScreen
LogPluginManager: Mounting plugin ProceduralMeshComponent
LogPluginManager: Mounting plugin RuntimePhysXCooking
LogPluginManager: Mounting plugin SignificanceManager
LogPluginManager: Mounting plugin SoundFields
LogPluginManager: Mounting plugin Synthesis
LogPluginManager: Mounting plugin WebMMoviePlayer
LogPluginManager: Mounting plugin WindowsMoviePlayer
LogPluginManager: Mounting plugin ScreenshotTools
LogInit: Using libcurl 7.55.1-DEV
LogInit:  - built for x86_64-pc-win32
LogInit:  - supports SSL with OpenSSL/1.1.1
LogInit:  - supports HTTP deflate (compression) using libz 1.2.8
LogInit:  - other features:
LogInit:      CURL_VERSION_SSL
LogInit:      CURL_VERSION_LIBZ
LogInit:      CURL_VERSION_IPV6
LogInit:      CURL_VERSION_ASYNCHDNS
LogInit:      CURL_VERSION_LARGEFILE
LogInit:      CURL_VERSION_IDN
LogInit:  CurlRequestOptions (configurable via config and command line):
LogInit:  - bVerifyPeer = true  - Libcurl will verify peer certificate
LogInit:  - bUseHttpProxy = false  - Libcurl will NOT use HTTP proxy
LogInit:  - bDontReuseConnections = false  - Libcurl will reuse connections
LogInit:  - MaxHostConnections = 16  - Libcurl will limit the number of connections to a host
LogInit:  - LocalHostAddr = Default
LogInit:  - BufferSize = 65536
LogOnline: OSS: Creating online subsystem instance for: NULL
LogInit: WinSock: version 1.1 (2.2), MaxSocks=32767, MaxUdp=65467
LogOnline: OSS: TryLoadSubsystemAndSetDefault: Loaded subsystem for module [NULL]
LogInit: Build: ++UE4+Release-4.25-CL-13594126
LogInit: Engine Version: 4.25.1-13594126+++UE4+Release-4.25
LogInit: Compatible Engine Version: 4.25.0-13144385+++UE4+Release-4.25
LogInit: Net CL: 13144385
LogInit: OS: Windows 10 (Release 1909) (), CPU: Intel(R) Core(TM) i7-4790K CPU @ 4.00GHz, GPU: NVIDIA GeForce GTX 970
LogInit: Compiled (64-bit): Jun  2 2020 02:10:36
LogInit: Compiled with Visual C++: 19.24.28315.00
LogInit: Build Configuration: Development
LogInit: Branch Name: ++UE4+Release-4.25
LogInit: Command Line: 
LogInit: Base Directory: C:/DeveloperTools/Epic Games/UE_4.25/Engine/Binaries/Win64/
LogInit: Allocator: TBB
LogInit: Installed Engine Build: 1
LogDevObjectVersion: Number of dev versions registered: 26
LogDevObjectVersion:   Dev-Blueprints (B0D832E4-1F89-4F0D-ACCF-7EB736FD4AA2): 10
LogDevObjectVersion:   Dev-Build (E1C64328-A22C-4D53-A36C-8E866417BD8C): 0
LogDevObjectVersion:   Dev-Core (375EC13C-06E4-48FB-B500-84F0262A717E): 4
LogDevObjectVersion:   Dev-Editor (E4B068ED-F494-42E9-A231-DA0B2E46BB41): 38
LogDevObjectVersion:   Dev-Framework (CFFC743F-43B0-4480-9391-14DF171D2073): 37
LogDevObjectVersion:   Dev-Mobile (B02B49B5-BB20-44E9-A304-32B752E40360): 2
LogDevObjectVersion:   Dev-Networking (A4E4105C-59A1-49B5-A7C5-40C4547EDFEE): 0
LogDevObjectVersion:   Dev-Online (39C831C9-5AE6-47DC-9A44-9C173E1C8E7C): 0
LogDevObjectVersion:   Dev-Physics (78F01B33-EBEA-4F98-B9B4-84EACCB95AA2): 4
LogDevObjectVersion:   Dev-Platform (6631380F-2D4D-43E0-8009-CF276956A95A): 0
LogDevObjectVersion:   Dev-Rendering (12F88B9F-8875-4AFC-A67C-D90C383ABD29): 43
LogDevObjectVersion:   Dev-Sequencer (7B5AE74C-D270-4C10-A958-57980B212A5A): 12
LogDevObjectVersion:   Dev-VR (D7296918-1DD6-4BDD-9DE2-64A83CC13884): 3
LogDevObjectVersion:   Dev-LoadTimes (C2A15278-BFE7-4AFE-6C17-90FF531DF755): 1
LogDevObjectVersion:   Private-Geometry (6EACA3D4-40EC-4CC1-B786-8BED09428FC5): 3
LogDevObjectVersion:   Dev-AnimPhys (29E575DD-E0A3-4627-9D10-D276232CDCEA): 17
LogDevObjectVersion:   Dev-Anim (AF43A65D-7FD3-4947-9873-3E8ED9C1BB05): 7
LogDevObjectVersion:   Dev-ReflectionCapture (6B266CEC-1EC7-4B8F-A30B-E4D90942FC07): 1
LogDevObjectVersion:   Dev-Automation (0DF73D61-A23F-47EA-B727-89E90C41499A): 1
LogDevObjectVersion:   FortniteMain (601D1886-AC64-4F84-AA16-D3DE0DEAC7D6): 31
LogDevObjectVersion:   Dev-Enterprise (9DFFBCD6-494F-0158-E221-12823C92A888): 10
LogDevObjectVersion:   Dev-Niagara (F2AED0AC-9AFE-416F-8664-AA7FFA26D6FC): 1
LogDevObjectVersion:   Dev-Destruction (174F1F0B-B4C6-45A5-B13F-2EE8D0FB917D): 10
LogDevObjectVersion:   Dev-Physics-Ext (35F94A83-E258-406C-A318-09F59610247C): 37
LogDevObjectVersion:   Dev-PhysicsMaterial-Chaos (B68FC16E-8B1B-42E2-B453-215C058844FE): 1
LogDevObjectVersion:   Dev-CineCamera (B2E18506-4273-CFC2-A54E-F4BB758BBA07): 1
LogInit: Presizing for max 25165824 objects, including 0 objects not considered by GC, pre-allocating 0 bytes for permanent pool.
LogConfig: Applying CVar settings from Section [/Script/Engine.StreamingSettings] File [D:/Projects/Unreal Projects/Github Repos/SpaceShooter/Saved/Config/Windows/Engine.ini]
LogConfig: Setting CVar [[s.MinBulkDataSizeForAsyncLoading:131072]]
LogConfig: Setting CVar [[s.AsyncLoadingThreadEnabled:0]]
LogConfig: Setting CVar [[s.EventDrivenLoaderEnabled:1]]
LogConfig: Setting CVar [[s.WarnIfTimeLimitExceeded:0]]
LogConfig: Setting CVar [[s.TimeLimitExceededMultiplier:1.5]]
LogConfig: Setting CVar [[s.TimeLimitExceededMinTime:0.005]]
LogConfig: Setting CVar [[s.UseBackgroundLevelStreaming:1]]
LogConfig: Setting CVar [[s.PriorityAsyncLoadingExtraTime:15.0]]
LogConfig: Setting CVar [[s.LevelStreamingActorsUpdateTimeLimit:5.0]]
LogConfig: Setting CVar [[s.PriorityLevelStreamingActorsUpdateExtraTime:5.0]]
LogConfig: Setting CVar [[s.LevelStreamingComponentsRegistrationGranularity:10]]
LogConfig: Setting CVar [[s.UnregisterComponentsTimeLimit:1.0]]
LogConfig: Setting CVar [[s.LevelStreamingComponentsUnregistrationGranularity:5]]
LogConfig: Setting CVar [[s.FlushStreamingOnExit:1]]
LogInit: Object subsystem initialized
LogConfig: Setting CVar [[con.DebugEarlyDefault:1]]
LogConfig: Setting CVar [[r.setres:1280x720]]
[2020.09.19-14.26.25:452][  0]LogConfig: Setting CVar [[r.VSync:0]]
[2020.09.19-14.26.25:452][  0]LogConfig: Setting CVar [[r.RHICmdBypass:0]]
[2020.09.19-14.26.25:452][  0]LogConfig: Applying CVar settings from Section [/Script/Engine.RendererSettings] File [D:/Projects/Unreal Projects/Github Repos/SpaceShooter/Saved/Config/Windows/Engine.ini]
[2020.09.19-14.26.25:452][  0]LogConfig: Setting CVar [[r.GPUCrashDebugging:0]]
[2020.09.19-14.26.25:452][  0]LogConfig: Applying CVar settings from Section [/Script/Engine.RendererOverrideSettings] File [D:/Projects/Unreal Projects/Github Repos/SpaceShooter/Saved/Config/Windows/Engine.ini]
[2020.09.19-14.26.25:452][  0]LogConfig: Applying CVar settings from Section [/Script/Engine.StreamingSettings] File [D:/Projects/Unreal Projects/Github Repos/SpaceShooter/Saved/Config/Windows/Engine.ini]
[2020.09.19-14.26.25:452][  0]LogConfig: Setting CVar [[s.MinBulkDataSizeForAsyncLoading:131072]]
[2020.09.19-14.26.25:452][  0]LogConfig: Setting CVar [[s.AsyncLoadingThreadEnabled:0]]
[2020.09.19-14.26.25:453][  0]LogConfig: Setting CVar [[s.EventDrivenLoaderEnabled:1]]
[2020.09.19-14.26.25:453][  0]LogConfig: Setting CVar [[s.WarnIfTimeLimitExceeded:0]]
[2020.09.19-14.26.25:453][  0]LogConfig: Setting CVar [[s.TimeLimitExceededMultiplier:1.5]]
[2020.09.19-14.26.25:453][  0]LogConfig: Setting CVar [[s.TimeLimitExceededMinTime:0.005]]
[2020.09.19-14.26.25:453][  0]LogConfig: Setting CVar [[s.UseBackgroundLevelStreaming:1]]
[2020.09.19-14.26.25:453][  0]LogConfig: Setting CVar [[s.PriorityAsyncLoadingExtraTime:15.0]]
[2020.09.19-14.26.25:453][  0]LogConfig: Setting CVar [[s.LevelStreamingActorsUpdateTimeLimit:5.0]]
[2020.09.19-14.26.25:453][  0]LogConfig: Setting CVar [[s.PriorityLevelStreamingActorsUpdateExtraTime:5.0]]
[2020.09.19-14.26.25:453][  0]LogConfig: Setting CVar [[s.LevelStreamingComponentsRegistrationGranularity:10]]
[2020.09.19-14.26.25:453][  0]LogConfig: Setting CVar [[s.UnregisterComponentsTimeLimit:1.0]]
[2020.09.19-14.26.25:453][  0]LogConfig: Setting CVar [[s.LevelStreamingComponentsUnregistrationGranularity:5]]
[2020.09.19-14.26.25:453][  0]LogConfig: Setting CVar [[s.FlushStreamingOnExit:1]]
[2020.09.19-14.26.25:453][  0]LogConfig: Applying CVar settings from Section [/Script/Engine.GarbageCollectionSettings] File [D:/Projects/Unreal Projects/Github Repos/SpaceShooter/Saved/Config/Windows/Engine.ini]
[2020.09.19-14.26.25:453][  0]LogConfig: Setting CVar [[gc.MaxObjectsNotConsideredByGC:1]]
[2020.09.19-14.26.25:453][  0]LogConfig: Setting CVar [[gc.SizeOfPermanentObjectPool:0]]
[2020.09.19-14.26.25:453][  0]LogConfig: Setting CVar [[gc.FlushStreamingOnGC:0]]
[2020.09.19-14.26.25:453][  0]LogConfig: Setting CVar [[gc.NumRetriesBeforeForcingGC:10]]
[2020.09.19-14.26.25:453][  0]LogConfig: Setting CVar [[gc.AllowParallelGC:1]]
[2020.09.19-14.26.25:453][  0]LogConfig: Setting CVar [[gc.TimeBetweenPurgingPendingKillObjects:61.1]]
[2020.09.19-14.26.25:453][  0]LogConfig: Setting CVar [[gc.MaxObjectsInEditor:25165824]]
[2020.09.19-14.26.25:453][  0]LogConfig: Setting CVar [[gc.IncrementalBeginDestroyEnabled:1]]
[2020.09.19-14.26.25:453][  0]LogConfig: Setting CVar [[gc.CreateGCClusters:1]]
[2020.09.19-14.26.25:453][  0]LogConfig: Setting CVar [[gc.MinGCClusterSize:5]]
[2020.09.19-14.26.25:453][  0]LogConfig: Setting CVar [[gc.ActorClusteringEnabled:0]]
[2020.09.19-14.26.25:453][  0]LogConfig: Setting CVar [[gc.BlueprintClusteringEnabled:0]]
[2020.09.19-14.26.25:453][  0]LogConfig: Setting CVar [[gc.UseDisregardForGCOnDedicatedServers:0]]
[2020.09.19-14.26.25:453][  0]LogConfig: Applying CVar settings from Section [/Script/Engine.NetworkSettings] File [D:/Projects/Unreal Projects/Github Repos/SpaceShooter/Saved/Config/Windows/Engine.ini]
[2020.09.19-14.26.25:453][  0]LogConfig: Applying CVar settings from Section [/Script/UnrealEd.CookerSettings] File [D:/Projects/Unreal Projects/Github Repos/SpaceShooter/Saved/Config/Windows/Engine.ini]
[2020.09.19-14.26.25:462][  0]LogConfig: Applying CVar settings from Section [ViewDistanceQuality@3] File [D:/Projects/Unreal Projects/Github Repos/SpaceShooter/Saved/Config/Windows/Scalability.ini]
[2020.09.19-14.26.25:462][  0]LogConfig: Setting CVar [[r.SkeletalMeshLODBias:0]]
[2020.09.19-14.26.25:462][  0]LogConfig: Setting CVar [[r.ViewDistanceScale:1.0]]
[2020.09.19-14.26.25:462][  0]LogConfig: Applying CVar settings from Section [AntiAliasingQuality@3] File [D:/Projects/Unreal Projects/Github Repos/SpaceShooter/Saved/Config/Windows/Scalability.ini]
[2020.09.19-14.26.25:462][  0]LogConfig: Setting CVar [[r.PostProcessAAQuality:4]]
[2020.09.19-14.26.25:462][  0]LogConfig: Applying CVar settings from Section [ShadowQuality@3] File [D:/Projects/Unreal Projects/Github Repos/SpaceShooter/Saved/Config/Windows/Scalability.ini]
[2020.09.19-14.26.25:462][  0]LogConfig: Setting CVar [[r.LightFunctionQuality:1]]
[2020.09.19-14.26.25:462][  0]LogConfig: Setting CVar [[r.ShadowQuality:5]]
[2020.09.19-14.26.25:462][  0]LogConfig: Setting CVar [[r.Shadow.CSM.MaxCascades:10]]
[2020.09.19-14.26.25:462][  0]LogConfig: Setting CVar [[r.Shadow.MaxResolution:2048]]
[2020.09.19-14.26.25:462][  0]LogConfig: Setting CVar [[r.Shadow.MaxCSMResolution:2048]]
[2020.09.19-14.26.25:462][  0]LogConfig: Setting CVar [[r.Shadow.RadiusThreshold:0.01]]
[2020.09.19-14.26.25:462][  0]LogConfig: Setting CVar [[r.Shadow.DistanceScale:1.0]]
[2020.09.19-14.26.25:462][  0]LogConfig: Setting CVar [[r.Shadow.CSM.TransitionScale:1.0]]
[2020.09.19-14.26.25:462][  0]LogConfig: Setting CVar [[r.Shadow.PreShadowResolutionFactor:1.0]]
[2020.09.19-14.26.25:462][  0]LogConfig: Setting CVar [[r.DistanceFieldShadowing:1]]
[2020.09.19-14.26.25:462][  0]LogConfig: Setting CVar [[r.DistanceFieldAO:1]]
[2020.09.19-14.26.25:462][  0]LogConfig: Setting CVar [[r.AOQuality:2]]
[2020.09.19-14.26.25:462][  0]LogConfig: Setting CVar [[r.VolumetricFog:1]]
[2020.09.19-14.26.25:462][  0]LogConfig: Setting CVar [[r.VolumetricFog.GridPixelSize:8]]
[2020.09.19-14.26.25:462][  0]LogConfig: Setting CVar [[r.VolumetricFog.GridSizeZ:128]]
[2020.09.19-14.26.25:462][  0]LogConfig: Setting CVar [[r.VolumetricFog.HistoryMissSupersampleCount:4]]
[2020.09.19-14.26.25:462][  0]LogConfig: Setting CVar [[r.LightMaxDrawDistanceScale:1]]
[2020.09.19-14.26.25:462][  0]LogConfig: Setting CVar [[r.CapsuleShadows:1]]
[2020.09.19-14.26.25:462][  0]LogConfig: Applying CVar settings from Section [PostProcessQuality@3] File [D:/Projects/Unreal Projects/Github Repos/SpaceShooter/Saved/Config/Windows/Scalability.ini]
[2020.09.19-14.26.25:462][  0]LogConfig: Setting CVar [[r.MotionBlurQuality:4]]
[2020.09.19-14.26.25:462][  0]LogConfig: Setting CVar [[r.AmbientOcclusionMipLevelFactor:0.4]]
[2020.09.19-14.26.25:462][  0]LogConfig: Setting CVar [[r.AmbientOcclusionMaxQuality:100]]
[2020.09.19-14.26.25:462][  0]LogConfig: Setting CVar [[r.AmbientOcclusionLevels:-1]]
[2020.09.19-14.26.25:462][  0]LogConfig: Setting CVar [[r.AmbientOcclusionRadiusScale:1.0]]
[2020.09.19-14.26.25:462][  0]LogConfig: Setting CVar [[r.DepthOfFieldQuality:2]]
[2020.09.19-14.26.25:462][  0]LogConfig: Setting CVar [[r.RenderTargetPoolMin:400]]
[2020.09.19-14.26.25:462][  0]LogConfig: Setting CVar [[r.LensFlareQuality:2]]
[2020.09.19-14.26.25:462][  0]LogConfig: Setting CVar [[r.SceneColorFringeQuality:1]]
[2020.09.19-14.26.25:462][  0]LogConfig: Setting CVar [[r.EyeAdaptationQuality:2]]
[2020.09.19-14.26.25:462][  0]LogConfig: Setting CVar [[r.BloomQuality:5]]
[2020.09.19-14.26.25:462][  0]LogConfig: Setting CVar [[r.FastBlurThreshold:100]]
[2020.09.19-14.26.25:462][  0]LogConfig: Setting CVar [[r.Upscale.Quality:3]]
[2020.09.19-14.26.25:462][  0]LogConfig: Setting CVar [[r.Tonemapper.GrainQuantization:1]]
[2020.09.19-14.26.25:462][  0]LogConfig: Setting CVar [[r.LightShaftQuality:1]]
[2020.09.19-14.26.25:462][  0]LogConfig: Setting CVar [[r.Filter.SizeScale:1]]
[2020.09.19-14.26.25:462][  0]LogConfig: Setting CVar [[r.Tonemapper.Quality:5]]
[2020.09.19-14.26.25:462][  0]LogConfig: Setting CVar [[r.DOF.Gather.AccumulatorQuality:1        ; higher gathering accumulator quality]]
[2020.09.19-14.26.25:462][  0]LogConfig: Setting CVar [[r.DOF.Gather.PostfilterMethod:1          ; Median3x3 postfilering method]]
[2020.09.19-14.26.25:463][  0]LogConfig: Setting CVar [[r.DOF.Gather.EnableBokehSettings:0       ; no bokeh simulation when gathering]]
[2020.09.19-14.26.25:463][  0]LogConfig: Setting CVar [[r.DOF.Gather.RingCount:4                 ; medium number of samples when gathering]]
[2020.09.19-14.26.25:463][  0]LogConfig: Setting CVar [[r.DOF.Scatter.ForegroundCompositing:1    ; additive foreground scattering]]
[2020.09.19-14.26.25:463][  0]LogConfig: Setting CVar [[r.DOF.Scatter.BackgroundCompositing:2    ; additive background scattering]]
[2020.09.19-14.26.25:463][  0]LogConfig: Setting CVar [[r.DOF.Scatter.EnableBokehSettings:1      ; bokeh simulation when scattering]]
[2020.09.19-14.26.25:463][  0]LogConfig: Setting CVar [[r.DOF.Scatter.MaxSpriteRatio:0.1         ; only a maximum of 10% of scattered bokeh]]
[2020.09.19-14.26.25:463][  0]LogConfig: Setting CVar [[r.DOF.Recombine.Quality:1                ; cheap slight out of focus]]
[2020.09.19-14.26.25:463][  0]LogConfig: Setting CVar [[r.DOF.Recombine.EnableBokehSettings:0    ; no bokeh simulation on slight out of focus]]
[2020.09.19-14.26.25:463][  0]LogConfig: Setting CVar [[r.DOF.TemporalAAQuality:1                ; more stable temporal accumulation]]
[2020.09.19-14.26.25:463][  0]LogConfig: Setting CVar [[r.DOF.Kernel.MaxForegroundRadius:0.025]]
[2020.09.19-14.26.25:463][  0]LogConfig: Setting CVar [[r.DOF.Kernel.MaxBackgroundRadius:0.025]]
[2020.09.19-14.26.25:463][  0]LogConfig: Applying CVar settings from Section [TextureQuality@3] File [D:/Projects/Unreal Projects/Github Repos/SpaceShooter/Saved/Config/Windows/Scalability.ini]
[2020.09.19-14.26.25:463][  0]LogConfig: Setting CVar [[r.Streaming.MipBias:0]]
[2020.09.19-14.26.25:463][  0]LogConfig: Setting CVar [[r.Streaming.AmortizeCPUToGPUCopy:0]]
[2020.09.19-14.26.25:463][  0]LogConfig: Setting CVar [[r.Streaming.MaxNumTexturesToStreamPerFrame:0]]
[2020.09.19-14.26.25:463][  0]LogConfig: Setting CVar [[r.Streaming.Boost:1]]
[2020.09.19-14.26.25:463][  0]LogConfig: Setting CVar [[r.MaxAnisotropy:8]]
[2020.09.19-14.26.25:463][  0]LogConfig: Setting CVar [[r.VT.MaxAnisotropy:8]]
[2020.09.19-14.26.25:463][  0]LogConfig: Setting CVar [[r.Streaming.LimitPoolSizeToVRAM:0]]
[2020.09.19-14.26.25:463][  0]LogConfig: Setting CVar [[r.Streaming.PoolSize:1000]]
[2020.09.19-14.26.25:463][  0]LogConfig: Setting CVar [[r.Streaming.MaxEffectiveScreenSize:0]]
[2020.09.19-14.26.25:463][  0]LogConfig: Applying CVar settings from Section [EffectsQuality@3] File [D:/Projects/Unreal Projects/Github Repos/SpaceShooter/Saved/Config/Windows/Scalability.ini]
[2020.09.19-14.26.25:463][  0]LogConfig: Setting CVar [[r.TranslucencyLightingVolumeDim:64]]
[2020.09.19-14.26.25:463][  0]LogConfig: Setting CVar [[r.RefractionQuality:2]]
[2020.09.19-14.26.25:463][  0]LogConfig: Setting CVar [[r.SSR.Quality:3]]
[2020.09.19-14.26.25:463][  0]LogConfig: Setting CVar [[r.SSR.HalfResSceneColor:0]]
[2020.09.19-14.26.25:463][  0]LogConfig: Setting CVar [[r.SceneColorFormat:4]]
[2020.09.19-14.26.25:463][  0]LogConfig: Setting CVar [[r.DetailMode:2]]
[2020.09.19-14.26.25:463][  0]LogConfig: Setting CVar [[r.TranslucencyVolumeBlur:1]]
[2020.09.19-14.26.25:463][  0]LogConfig: Setting CVar [[r.MaterialQualityLevel:1 ; High quality]]
[2020.09.19-14.26.25:463][  0]LogConfig: Setting CVar [[r.SSS.Scale:1]]
[2020.09.19-14.26.25:463][  0]LogConfig: Setting CVar [[r.SSS.SampleSet:2]]
[2020.09.19-14.26.25:463][  0]LogConfig: Setting CVar [[r.SSS.Quality:1]]
[2020.09.19-14.26.25:463][  0]LogConfig: Setting CVar [[r.SSS.HalfRes:0]]
[2020.09.19-14.26.25:463][  0]LogConfig: Setting CVar [[r.SSGI.Quality:3]]
[2020.09.19-14.26.25:463][  0]LogConfig: Setting CVar [[r.EmitterSpawnRateScale:1.0]]
[2020.09.19-14.26.25:463][  0]LogConfig: Setting CVar [[r.ParticleLightQuality:2]]
[2020.09.19-14.26.25:463][  0]LogConfig: Setting CVar [[r.SkyAtmosphere.AerialPerspectiveLUT.FastApplyOnOpaque:1 ; Always have FastSkyLUT 1 in this case to avoid wrong sky]]
[2020.09.19-14.26.25:463][  0]LogConfig: Setting CVar [[r.SkyAtmosphere.AerialPerspectiveLUT.SampleCountPerSlice:1]]
[2020.09.19-14.26.25:463][  0]LogConfig: Setting CVar [[r.SkyAtmosphere.AerialPerspectiveLUT.DepthResolution:16.0]]
[2020.09.19-14.26.25:463][  0]LogConfig: Setting CVar [[r.SkyAtmosphere.FastSkyLUT:1]]
[2020.09.19-14.26.25:463][  0]LogConfig: Setting CVar [[r.SkyAtmosphere.FastSkyLUT.SampleCountMin:4.0]]
[2020.09.19-14.26.25:463][  0]LogConfig: Setting CVar [[r.SkyAtmosphere.FastSkyLUT.SampleCountMax:32.0]]
[2020.09.19-14.26.25:463][  0]LogConfig: Setting CVar [[r.SkyAtmosphere.SampleCountMin:4.0]]
[2020.09.19-14.26.25:463][  0]LogConfig: Setting CVar [[r.SkyAtmosphere.SampleCountMax:32.0]]
[2020.09.19-14.26.25:463][  0]LogConfig: Setting CVar [[r.SkyAtmosphere.TransmittanceLUT.UseSmallFormat:0]]
[2020.09.19-14.26.25:463][  0]LogConfig: Setting CVar [[r.SkyAtmosphere.TransmittanceLUT.SampleCount:10.0]]
[2020.09.19-14.26.25:463][  0]LogConfig: Setting CVar [[r.SkyAtmosphere.MultiScatteringLUT.SampleCount:15.0]]
[2020.09.19-14.26.25:463][  0]LogConfig: Applying CVar settings from Section [FoliageQuality@3] File [D:/Projects/Unreal Projects/Github Repos/SpaceShooter/Saved/Config/Windows/Scalability.ini]
[2020.09.19-14.26.25:463][  0]LogConfig: Setting CVar [[foliage.DensityScale:1.0]]
[2020.09.19-14.26.25:463][  0]LogConfig: Setting CVar [[grass.DensityScale:1.0]]
[2020.09.19-14.26.25:463][  0]LogConfig: Applying CVar settings from Section [ShadingQuality@3] File [D:/Projects/Unreal Projects/Github Repos/SpaceShooter/Saved/Config/Windows/Scalability.ini]
[2020.09.19-14.26.25:463][  0]LogConfig: Setting CVar [[r.HairStrands.SkyLighting.SampleCount:16]]
[2020.09.19-14.26.25:463][  0]LogConfig: Setting CVar [[r.HairStrands.SkyLighting.JitterIntegration:0]]
[2020.09.19-14.26.25:463][  0]LogConfig: Setting CVar [[r.HairStrands.SkyAO.SampleCount:16]]
[2020.09.19-14.26.25:463][  0]LogConfig: Setting CVar [[r.HairStrands.DeepShadow.SuperSampling:0]]
[2020.09.19-14.26.25:463][  0]LogConfig: Setting CVar [[r.HairStrands.VisibilityPPLL:0]]
[2020.09.19-14.26.25:463][  0]LogConfig: Setting CVar [[r.HairStrands.RasterizationScale:0.5]]
[2020.09.19-14.26.25:463][  0]LogConfig: Setting CVar [[r.HairStrands.VelocityRasterizationScale:1]]
[2020.09.19-14.26.25:463][  0]LogInit: Selected Device Profile: [Windows]
[2020.09.19-14.26.25:463][  0]LogInit: Applying CVar settings loaded from the selected device profile: [Windows]
[2020.09.19-14.26.25:463][  0]LogHAL: Display: Platform has ~ 16 GB [16979013632 / 17179869184 / 16], which maps to Larger [LargestMinGB=32, LargerMinGB=12, DefaultMinGB=8, SmallerMinGB=6, SmallestMinGB=0)
[2020.09.19-14.26.25:463][  0]LogInit: Going up to parent DeviceProfile []
[2020.09.19-14.26.25:463][  0]LogConfig: Applying CVar settings from Section [ViewDistanceQuality@Cine] File [D:/Projects/Unreal Projects/Github Repos/SpaceShooter/Saved/Config/Windows/Scalability.ini]
[2020.09.19-14.26.25:463][  0]LogConfig: Setting CVar [[r.SkeletalMeshLODBias:0]]
[2020.09.19-14.26.25:463][  0]LogConfig: Setting CVar [[r.ViewDistanceScale:10.0]]
[2020.09.19-14.26.25:463][  0]LogConfig: Applying CVar settings from Section [AntiAliasingQuality@Cine] File [D:/Projects/Unreal Projects/Github Repos/SpaceShooter/Saved/Config/Windows/Scalability.ini]
[2020.09.19-14.26.25:463][  0]LogConfig: Setting CVar [[r.PostProcessAAQuality:6]]
[2020.09.19-14.26.25:463][  0]LogConfig: Applying CVar settings from Section [ShadowQuality@Cine] File [D:/Projects/Unreal Projects/Github Repos/SpaceShooter/Saved/Config/Windows/Scalability.ini]
[2020.09.19-14.26.25:463][  0]LogConfig: Setting CVar [[r.LightFunctionQuality:1]]
[2020.09.19-14.26.25:463][  0]LogConfig: Setting CVar [[r.ShadowQuality:5]]
[2020.09.19-14.26.25:463][  0]LogConfig: Setting CVar [[r.Shadow.CSM.MaxCascades:10]]
[2020.09.19-14.26.25:463][  0]LogConfig: Setting CVar [[r.Shadow.MaxResolution:4096]]
[2020.09.19-14.26.25:463][  0]LogConfig: Setting CVar [[r.Shadow.MaxCSMResolution:4096]]
[2020.09.19-14.26.25:463][  0]LogConfig: Setting CVar [[r.Shadow.RadiusThreshold:0]]
[2020.09.19-14.26.25:463][  0]LogConfig: Setting CVar [[r.Shadow.DistanceScale:1.0]]
[2020.09.19-14.26.25:463][  0]LogConfig: Setting CVar [[r.Shadow.CSM.TransitionScale:1.0]]
[2020.09.19-14.26.25:463][  0]LogConfig: Setting CVar [[r.Shadow.PreShadowResolutionFactor:1.0]]
[2020.09.19-14.26.25:463][  0]LogConfig: Setting CVar [[r.DistanceFieldShadowing:1]]
[2020.09.19-14.26.25:463][  0]LogConfig: Setting CVar [[r.DistanceFieldAO:1]]
[2020.09.19-14.26.25:463][  0]LogConfig: Setting CVar [[r.AOQuality:2]]
[2020.09.19-14.26.25:463][  0]LogConfig: Setting CVar [[r.VolumetricFog:1]]
[2020.09.19-14.26.25:463][  0]LogConfig: Setting CVar [[r.VolumetricFog.GridPixelSize:4]]
[2020.09.19-14.26.25:463][  0]LogConfig: Setting CVar [[r.VolumetricFog.GridSizeZ:128]]
[2020.09.19-14.26.25:463][  0]LogConfig: Setting CVar [[r.VolumetricFog.HistoryMissSupersampleCount:16]]
[2020.09.19-14.26.25:463][  0]LogConfig: Setting CVar [[r.LightMaxDrawDistanceScale:1]]
[2020.09.19-14.26.25:464][  0]LogConfig: Setting CVar [[r.CapsuleShadows:1]]
[2020.09.19-14.26.25:464][  0]LogConfig: Applying CVar settings from Section [PostProcessQuality@Cine] File [D:/Projects/Unreal Projects/Github Repos/SpaceShooter/Saved/Config/Windows/Scalability.ini]
[2020.09.19-14.26.25:464][  0]LogConfig: Setting CVar [[r.MotionBlurQuality:4]]
[2020.09.19-14.26.25:464][  0]LogConfig: Setting CVar [[r.AmbientOcclusionMipLevelFactor:0.4]]
[2020.09.19-14.26.25:464][  0]LogConfig: Setting CVar [[r.AmbientOcclusionMaxQuality:100]]
[2020.09.19-14.26.25:464][  0]LogConfig: Setting CVar [[r.AmbientOcclusionLevels:-1]]
[2020.09.19-14.26.25:464][  0]LogConfig: Setting CVar [[r.AmbientOcclusionRadiusScale:1.0]]
[2020.09.19-14.26.25:464][  0]LogConfig: Setting CVar [[r.DepthOfFieldQuality:4]]
[2020.09.19-14.26.25:464][  0]LogConfig: Setting CVar [[r.RenderTargetPoolMin:1000]]
[2020.09.19-14.26.25:464][  0]LogConfig: Setting CVar [[r.LensFlareQuality:3]]
[2020.09.19-14.26.25:464][  0]LogConfig: Setting CVar [[r.SceneColorFringeQuality:1]]
[2020.09.19-14.26.25:464][  0]LogConfig: Setting CVar [[r.EyeAdaptationQuality:2]]
[2020.09.19-14.26.25:464][  0]LogConfig: Setting CVar [[r.BloomQuality:5]]
[2020.09.19-14.26.25:464][  0]LogConfig: Setting CVar [[r.FastBlurThreshold:100]]
[2020.09.19-14.26.25:464][  0]LogConfig: Setting CVar [[r.Upscale.Quality:3]]
[2020.09.19-14.26.25:464][  0]LogConfig: Setting CVar [[r.Tonemapper.GrainQuantization:1]]
[2020.09.19-14.26.25:464][  0]LogConfig: Setting CVar [[r.LightShaftQuality:1]]
[2020.09.19-14.26.25:464][  0]LogConfig: Setting CVar [[r.Filter.SizeScale:1]]
[2020.09.19-14.26.25:464][  0]LogConfig: Setting CVar [[r.Tonemapper.Quality:5]]
[2020.09.19-14.26.25:464][  0]LogConfig: Setting CVar [[r.DOF.Gather.AccumulatorQuality:1        ; higher gathering accumulator quality]]
[2020.09.19-14.26.25:464][  0]LogConfig: Setting CVar [[r.DOF.Gather.PostfilterMethod:1          ; Median3x3 postfilering method]]
[2020.09.19-14.26.25:464][  0]LogConfig: Setting CVar [[r.DOF.Gather.EnableBokehSettings:1       ; bokeh simulation when gathering]]
[2020.09.19-14.26.25:464][  0]LogConfig: Setting CVar [[r.DOF.Gather.RingCount:5                 ; high number of samples when gathering]]
[2020.09.19-14.26.25:464][  0]LogConfig: Setting CVar [[r.DOF.Scatter.ForegroundCompositing:1    ; additive foreground scattering]]
[2020.09.19-14.26.25:464][  0]LogConfig: Setting CVar [[r.DOF.Scatter.BackgroundCompositing:2    ; background scattering occlusion]]
[2020.09.19-14.26.25:464][  0]LogConfig: Setting CVar [[r.DOF.Scatter.EnableBokehSettings:1      ; no bokeh simulation when scattering]]
[2020.09.19-14.26.25:464][  0]LogConfig: Setting CVar [[r.DOF.Scatter.MaxSpriteRatio:0.25        ; only a maximum of 10% of scattered bokeh]]
[2020.09.19-14.26.25:464][  0]LogConfig: Setting CVar [[r.DOF.Recombine.Quality:2                ; highest slight out of focus]]
[2020.09.19-14.26.25:464][  0]LogConfig: Setting CVar [[r.DOF.Recombine.EnableBokehSettings:1    ; bokeh simulation on slight out of focus]]
[2020.09.19-14.26.25:464][  0]LogConfig: Setting CVar [[r.DOF.TemporalAAQuality:1                ; more stable temporal accumulation]]
[2020.09.19-14.26.25:464][  0]LogConfig: Setting CVar [[r.DOF.Kernel.MaxForegroundRadius:0.025]]
[2020.09.19-14.26.25:464][  0]LogConfig: Setting CVar [[r.DOF.Kernel.MaxBackgroundRadius:0.025]]
[2020.09.19-14.26.25:464][  0]LogConfig: Applying CVar settings from Section [TextureQuality@Cine] File [D:/Projects/Unreal Projects/Github Repos/SpaceShooter/Saved/Config/Windows/Scalability.ini]
[2020.09.19-14.26.25:464][  0]LogConfig: Setting CVar [[r.Streaming.MipBias:0]]
[2020.09.19-14.26.25:464][  0]LogConfig: Setting CVar [[r.Streaming.AmortizeCPUToGPUCopy:0]]
[2020.09.19-14.26.25:464][  0]LogConfig: Setting CVar [[r.Streaming.MaxNumTexturesToStreamPerFrame:0]]
[2020.09.19-14.26.25:464][  0]LogConfig: Setting CVar [[r.Streaming.Boost:1]]
[2020.09.19-14.26.25:464][  0]LogConfig: Setting CVar [[r.MaxAnisotropy:8]]
[2020.09.19-14.26.25:464][  0]LogConfig: Setting CVar [[r.VT.MaxAnisotropy:8]]
[2020.09.19-14.26.25:464][  0]LogConfig: Setting CVar [[r.Streaming.LimitPoolSizeToVRAM:0]]
[2020.09.19-14.26.25:464][  0]LogConfig: Setting CVar [[r.Streaming.PoolSize:3000]]
[2020.09.19-14.26.25:464][  0]LogConfig: Setting CVar [[r.Streaming.MaxEffectiveScreenSize:0]]
[2020.09.19-14.26.25:464][  0]LogConfig: Applying CVar settings from Section [EffectsQuality@Cine] File [D:/Projects/Unreal Projects/Github Repos/SpaceShooter/Saved/Config/Windows/Scalability.ini]
[2020.09.19-14.26.25:464][  0]LogConfig: Setting CVar [[r.TranslucencyLightingVolumeDim:64]]
[2020.09.19-14.26.25:464][  0]LogConfig: Setting CVar [[r.RefractionQuality:2]]
[2020.09.19-14.26.25:464][  0]LogConfig: Setting CVar [[r.SSR.Quality:4]]
[2020.09.19-14.26.25:464][  0]LogConfig: Setting CVar [[r.SSR.HalfResSceneColor:0]]
[2020.09.19-14.26.25:464][  0]LogConfig: Setting CVar [[r.SceneColorFormat:4]]
[2020.09.19-14.26.25:464][  0]LogConfig: Setting CVar [[r.DetailMode:2]]
[2020.09.19-14.26.25:464][  0]LogConfig: Setting CVar [[r.TranslucencyVolumeBlur:1]]
[2020.09.19-14.26.25:464][  0]LogConfig: Setting CVar [[r.MaterialQualityLevel:1 ; High quality]]
[2020.09.19-14.26.25:464][  0]LogConfig: Setting CVar [[r.SSS.Scale:1]]
[2020.09.19-14.26.25:464][  0]LogConfig: Setting CVar [[r.SSS.SampleSet:2]]
[2020.09.19-14.26.25:464][  0]LogConfig: Setting CVar [[r.SSS.Quality:1]]
[2020.09.19-14.26.25:464][  0]LogConfig: Setting CVar [[r.SSS.HalfRes:0]]
[2020.09.19-14.26.25:464][  0]LogConfig: Setting CVar [[r.SSGI.Quality:4]]
[2020.09.19-14.26.25:464][  0]LogConfig: Setting CVar [[r.EmitterSpawnRateScale:1.0]]
[2020.09.19-14.26.25:464][  0]LogConfig: Setting CVar [[r.ParticleLightQuality:2]]
[2020.09.19-14.26.25:464][  0]LogConfig: Setting CVar [[r.SkyAtmosphere.AerialPerspectiveLUT.FastApplyOnOpaque:0]]
[2020.09.19-14.26.25:464][  0]LogConfig: Setting CVar [[r.SkyAtmosphere.AerialPerspectiveLUT.SampleCountPerSlice:2]]
[2020.09.19-14.26.25:464][  0]LogConfig: Setting CVar [[r.SkyAtmosphere.AerialPerspectiveLUT.DepthResolution:32.0]]
[2020.09.19-14.26.25:464][  0]LogConfig: Setting CVar [[r.SkyAtmosphere.FastSkyLUT:0]]
[2020.09.19-14.26.25:464][  0]LogConfig: Setting CVar [[r.SkyAtmosphere.FastSkyLUT.SampleCountMin:4.0]]
[2020.09.19-14.26.25:464][  0]LogConfig: Setting CVar [[r.SkyAtmosphere.FastSkyLUT.SampleCountMax:32.0]]
[2020.09.19-14.26.25:464][  0]LogConfig: Setting CVar [[r.SkyAtmosphere.SampleCountMin:8.0]]
[2020.09.19-14.26.25:464][  0]LogConfig: Setting CVar [[r.SkyAtmosphere.SampleCountMax:32.0]]
[2020.09.19-14.26.25:464][  0]LogConfig: Setting CVar [[r.SkyAtmosphere.TransmittanceLUT.UseSmallFormat:0]]
[2020.09.19-14.26.25:464][  0]LogConfig: Setting CVar [[r.SkyAtmosphere.TransmittanceLUT.SampleCount:30.0]]
[2020.09.19-14.26.25:464][  0]LogConfig: Setting CVar [[r.SkyAtmosphere.MultiScatteringLUT.SampleCount:20.0]]
[2020.09.19-14.26.25:464][  0]LogConfig: Applying CVar settings from Section [FoliageQuality@Cine] File [D:/Projects/Unreal Projects/Github Repos/SpaceShooter/Saved/Config/Windows/Scalability.ini]
[2020.09.19-14.26.25:464][  0]LogConfig: Setting CVar [[foliage.DensityScale:1.0]]
[2020.09.19-14.26.25:464][  0]LogConfig: Setting CVar [[grass.DensityScale:1.0]]
[2020.09.19-14.26.25:464][  0]LogConfig: Applying CVar settings from Section [ShadingQuality@Cine] File [D:/Projects/Unreal Projects/Github Repos/SpaceShooter/Saved/Config/Windows/Scalability.ini]
[2020.09.19-14.26.25:464][  0]LogConfig: Setting CVar [[r.HairStrands.SkyLighting.SampleCount:64]]
[2020.09.19-14.26.25:464][  0]LogConfig: Setting CVar [[r.HairStrands.SkyLighting.JitterIntegration:1]]
[2020.09.19-14.26.25:464][  0]LogConfig: Setting CVar [[r.HairStrands.SkyAO.SampleCount:32]]
[2020.09.19-14.26.25:464][  0]LogConfig: Setting CVar [[r.HairStrands.DeepShadow.SuperSampling:1]]
[2020.09.19-14.26.25:464][  0]LogConfig: Setting CVar [[r.HairStrands.RasterizationScale:1]]
[2020.09.19-14.26.25:464][  0]LogConfig: Setting CVar [[r.HairStrands.VelocityRasterizationScale:1]]
[2020.09.19-14.26.25:464][  0]LogConfig: Setting CVar [[r.HairStrands.VisibilityPPLL:1]]
[2020.09.19-14.26.25:464][  0]LogConfig: Applying CVar settings from Section [Startup] File [../../../Engine/Config/ConsoleVariables.ini]
[2020.09.19-14.26.25:465][  0]LogConfig: Setting CVar [[net.UseAdaptiveNetUpdateFrequency:0]]
[2020.09.19-14.26.25:465][  0]LogConfig: Setting CVar [[p.chaos.AllowCreatePhysxBodies:1]]
[2020.09.19-14.26.25:465][  0]LogConfig: Setting CVar [[fx.SkipVectorVMBackendOptimizations:1]]
[2020.09.19-14.26.25:465][  0]LogConfig: Applying CVar settings from Section [ConsoleVariables] File [D:/Projects/Unreal Projects/Github Repos/SpaceShooter/Saved/Config/Windows/Engine.ini]
[2020.09.19-14.26.25:465][  0]LogInit: Computer: DESKTOP-9IPGTH3
[2020.09.19-14.26.25:465][  0]LogInit: User: merto
[2020.09.19-14.26.25:465][  0]LogInit: CPU Page size=4096, Cores=4
[2020.09.19-14.26.25:465][  0]LogInit: High frequency timer resolution =10.000000 MHz
[2020.09.19-14.26.25:465][  0]LogMemory: Memory total: Physical=15.8GB (16GB approx)
[2020.09.19-14.26.25:465][  0]LogMemory: Platform Memory Stats for Windows
[2020.09.19-14.26.25:465][  0]LogMemory: Process Physical Memory: 113.68 MB used, 113.68 MB peak
[2020.09.19-14.26.25:465][  0]LogMemory: Process Virtual Memory: 96.27 MB used, 96.27 MB peak
[2020.09.19-14.26.25:465][  0]LogMemory: Physical Memory: 5497.55 MB used,  10694.90 MB free, 16192.45 MB total
[2020.09.19-14.26.25:465][  0]LogMemory: Virtual Memory: 5141.17 MB used,  134212584.00 MB free, 134217728.00 MB total
[2020.09.19-14.26.25:477][  0]LogWindows: WindowsPlatformFeatures enabled
[2020.09.19-14.26.25:562][  0]LogInit: Physics initialised using underlying interface: PhysX
[2020.09.19-14.26.25:565][  0]LogInit: Overriding locale with editor locale configuration option (en).
[2020.09.19-14.26.25:565][  0]LogInit: Overriding language with editor culture configuration option ().
[2020.09.19-14.26.25:565][  0]LogInit: Using OS detected language (en-GB).
[2020.09.19-14.26.25:596][  0]LogTextLocalizationManager: No specific localization for 'en-GB' exists, so the 'en' localization will be used.
[2020.09.19-14.26.25:864][  0]LogInit: Setting process to per monitor DPI aware
[2020.09.19-14.26.25:925][  0]LogSlate: New Slate User Created.  User Index 0, Is Virtual User: 0
[2020.09.19-14.26.25:925][  0]LogSlate: Slate User Registered.  User Index 0, Is Virtual User: 0
[2020.09.19-14.26.26:903][  0]LogD3D11RHI: D3D11 min allowed feature level: 11_0
[2020.09.19-14.26.26:903][  0]LogD3D11RHI: D3D11 max allowed feature level: 11_0
[2020.09.19-14.26.26:903][  0]LogD3D11RHI: D3D11 adapters:
[2020.09.19-14.26.26:991][  0]LogD3D11RHI:    0. 'NVIDIA GeForce GTX 970' (Feature Level 11_0)
[2020.09.19-14.26.26:991][  0]LogD3D11RHI:       4043/0/8096 MB DedicatedVideo/DedicatedSystem/SharedSystem, Outputs:1, VendorId:0x10de
[2020.09.19-14.26.27:003][  0]LogD3D11RHI:    1. 'Intel(R) HD Graphics 4600' (Feature Level 11_0)
[2020.09.19-14.26.27:003][  0]LogD3D11RHI:       112/0/2048 MB DedicatedVideo/DedicatedSystem/SharedSystem, Outputs:0, VendorId:0x8086
[2020.09.19-14.26.27:007][  0]LogD3D11RHI:    2. 'Microsoft Basic Render Driver' (Feature Level 11_0)
[2020.09.19-14.26.27:007][  0]LogD3D11RHI:       0/0/8096 MB DedicatedVideo/DedicatedSystem/SharedSystem, Outputs:0, VendorId:0x1414
[2020.09.19-14.26.27:007][  0]LogD3D11RHI: Chosen D3D11 Adapter: 0
[2020.09.19-14.26.27:013][  0]LogD3D11RHI: Creating new Direct3DDevice
[2020.09.19-14.26.27:014][  0]LogD3D11RHI:     GPU DeviceId: 0x13c2 (for the marketing name, search the web for "GPU Device Id")
[2020.09.19-14.26.27:014][  0]LogWindows: EnumDisplayDevices:
[2020.09.19-14.26.27:014][  0]LogWindows:    0. 'NVIDIA GeForce GTX 970' (P:0 D:0)
[2020.09.19-14.26.27:015][  0]LogWindows:    1. 'NVIDIA GeForce GTX 970' (P:1 D:1)
[2020.09.19-14.26.27:016][  0]LogWindows:    2. 'NVIDIA GeForce GTX 970' (P:0 D:0)
[2020.09.19-14.26.27:017][  0]LogWindows:    3. 'NVIDIA GeForce GTX 970' (P:0 D:0)
[2020.09.19-14.26.27:017][  0]LogWindows:    4. 'Intel(R) HD Graphics 4600' (P:0 D:0)
[2020.09.19-14.26.27:018][  0]LogWindows:    5. 'Intel(R) HD Graphics 4600' (P:0 D:0)
[2020.09.19-14.26.27:018][  0]LogWindows:    6. 'Intel(R) HD Graphics 4600' (P:0 D:0)
[2020.09.19-14.26.27:020][  0]LogWindows: DebugString: PrimaryIsNotTheChoosenAdapter PrimaryIsNotTheChoosenAdapter PrimaryIsNotTheChoosenAdapter FoundDriverCount:4 
[2020.09.19-14.26.27:020][  0]LogD3D11RHI:     Adapter Name: NVIDIA GeForce GTX 970
[2020.09.19-14.26.27:020][  0]LogD3D11RHI:   Driver Version: 451.67 (internal:27.21.14.5167, unified:451.67)
[2020.09.19-14.26.27:020][  0]LogD3D11RHI:      Driver Date: 7-5-2020
[2020.09.19-14.26.27:020][  0]LogRHI: Texture pool is 2830 MB (70% of 4043 MB)
[2020.09.19-14.26.27:083][  0]LogD3D11RHI: RHI has support for 64 bit atomics
[2020.09.19-14.26.27:086][  0]LogD3D11RHI: [Aftermath] Enabled and primed
[2020.09.19-14.26.27:086][  0]LogD3D11RHI: Async texture creation enabled
[2020.09.19-14.26.27:086][  0]LogD3D11RHI: Array index from any shader is supported
[2020.09.19-14.26.27:091][  0]LogD3D11RHI: HDR output is supported on display 0 (NvId: 0x80061082).
[2020.09.19-14.26.27:108][  0]LogD3D11RHI: GPU Timing Frequency: 1000.000000 (Debug: 2 1)
[2020.09.19-14.26.27:606][  0]LogTargetPlatformManager: Display: Loaded TargetPlatform 'AllDesktop'
[2020.09.19-14.26.27:647][  0]LogTargetPlatformManager: Display: Loaded TargetPlatform 'Android'
[2020.09.19-14.26.27:647][  0]LogTargetPlatformManager: Display: Loaded TargetPlatform 'Android_ASTC'
[2020.09.19-14.26.27:647][  0]LogTargetPlatformManager: Display: Loaded TargetPlatform 'Android_DXT'
[2020.09.19-14.26.27:647][  0]LogTargetPlatformManager: Display: Loaded TargetPlatform 'Android_ETC2'
[2020.09.19-14.26.27:647][  0]LogTargetPlatformManager: Display: Loaded TargetPlatform 'AndroidClient'
[2020.09.19-14.26.27:647][  0]LogTargetPlatformManager: Display: Loaded TargetPlatform 'Android_ASTCClient'
[2020.09.19-14.26.27:647][  0]LogTargetPlatformManager: Display: Loaded TargetPlatform 'Android_DXTClient'
[2020.09.19-14.26.27:647][  0]LogTargetPlatformManager: Display: Loaded TargetPlatform 'Android_ETC2Client'
[2020.09.19-14.26.27:647][  0]LogTargetPlatformManager: Display: Loaded TargetPlatform 'Android_Multi'
[2020.09.19-14.26.27:647][  0]LogTargetPlatformManager: Display: Loaded TargetPlatform 'Android_MultiClient'
[2020.09.19-14.26.27:695][  0]LogTargetPlatformManager: Display: Loaded TargetPlatform 'IOSClient'
[2020.09.19-14.26.27:695][  0]LogTargetPlatformManager: Display: Loaded TargetPlatform 'IOS'
[2020.09.19-14.26.27:722][  0]LogTargetPlatformManager: Display: Loaded TargetPlatform 'Linux'
[2020.09.19-14.26.27:741][  0]LogTargetPlatformManager: Display: Loaded TargetPlatform 'LinuxNoEditor'
[2020.09.19-14.26.27:760][  0]LogTargetPlatformManager: Display: Loaded TargetPlatform 'LinuxClient'
[2020.09.19-14.26.27:780][  0]LogTargetPlatformManager: Display: Loaded TargetPlatform 'LinuxServer'
[2020.09.19-14.26.27:800][  0]LogTargetPlatformManager: Display: Loaded TargetPlatform 'LinuxAArch64NoEditor'
[2020.09.19-14.26.27:820][  0]LogTargetPlatformManager: Display: Loaded TargetPlatform 'LinuxAArch64Client'
[2020.09.19-14.26.27:839][  0]LogTargetPlatformManager: Display: Loaded TargetPlatform 'LinuxAArch64Server'
[2020.09.19-14.26.27:901][  0]LogTargetPlatformManager: Display: Loaded TargetPlatform 'Lumin'
[2020.09.19-14.26.27:901][  0]LogTargetPlatformManager: Display: Loaded TargetPlatform 'LuminClient'
[2020.09.19-14.26.27:939][  0]LogTargetPlatformManager: Display: Loaded TargetPlatform 'TVOSClient'
[2020.09.19-14.26.27:939][  0]LogTargetPlatformManager: Display: Loaded TargetPlatform 'TVOS'
[2020.09.19-14.26.27:959][  0]LogTargetPlatformManager: Display: Loaded TargetPlatform 'WindowsNoEditor'
[2020.09.19-14.26.27:980][  0]LogTargetPlatformManager: Display: Loaded TargetPlatform 'Windows'
[2020.09.19-14.26.27:999][  0]LogTargetPlatformManager: Display: Loaded TargetPlatform 'WindowsClient'
[2020.09.19-14.26.28:018][  0]LogTargetPlatformManager: Display: Loaded TargetPlatform 'WindowsServer'
[2020.09.19-14.26.28:019][  0]LogTargetPlatformManager: Display: Building Assets For Windows
[2020.09.19-14.26.28:038][  0]LogAudioDebug: Display: Lib vorbis DLL was dynamically loaded.
[2020.09.19-14.26.28:245][  0]LogShaderCompilers: Guid format shader working directory is -8 characters bigger than the processId version (D:/Projects/Unreal Projects/Github Repos/SpaceShooter/Intermediate/Shaders/WorkingDirectory/13680/).
[2020.09.19-14.26.28:246][  0]LogShaderCompilers: Cleaned the shader compiler working directory 'C:/Users/merto/AppData/Local/Temp/UnrealShaderWorkingDir/E89874754DB7428463AF0BAAFDB52CB6/'.
[2020.09.19-14.26.28:248][  0]LogXGEController: Cannot use XGE Controller as Incredibuild is not installed on this machine.
[2020.09.19-14.26.28:248][  0]LogShaderCompilers: Cannot use XGE Shader Compiler as Incredibuild is not installed on this machine.
[2020.09.19-14.26.28:248][  0]LogShaderCompilers: Display: Using Local Shader Compiler.
[2020.09.19-14.26.29:470][  0]LogDerivedDataCache: Display: Max Cache Size: 512 MB
[2020.09.19-14.26.29:539][  0]LogDerivedDataCache: Loaded boot cache 0.07s 79MB C:/Users/merto/AppData/Local/UnrealEngine/4.25/DerivedDataCache/Boot.ddc.
[2020.09.19-14.26.29:539][  0]LogDerivedDataCache: Display: Loaded Boot cache: C:/Users/merto/AppData/Local/UnrealEngine/4.25/DerivedDataCache/Boot.ddc
[2020.09.19-14.26.29:540][  0]LogDerivedDataCache: FDerivedDataBackendGraph:  Pak pak cache file D:/Projects/Unreal Projects/Github Repos/SpaceShooter/DerivedDataCache/DDC.ddp not found, will not use a pak cache.
[2020.09.19-14.26.29:540][  0]LogDerivedDataCache: Unable to find inner node Pak for hierarchical cache Hierarchy.
[2020.09.19-14.26.29:540][  0]LogDerivedDataCache: FDerivedDataBackendGraph:  CompressedPak pak cache file D:/Projects/Unreal Projects/Github Repos/SpaceShooter/DerivedDataCache/Compressed.ddp not found, will not use a pak cache.
[2020.09.19-14.26.29:540][  0]LogDerivedDataCache: Unable to find inner node CompressedPak for hierarchical cache Hierarchy.
[2020.09.19-14.26.29:551][  0]LogDerivedDataCache: Display: Pak cache opened for reading ../../../Engine/DerivedDataCache/Compressed.ddp.
[2020.09.19-14.26.29:551][  0]LogDerivedDataCache: FDerivedDataBackendGraph:  EnterprisePak pak cache file ../../../Enterprise/DerivedDataCache/Compressed.ddp not found, will not use a pak cache.
[2020.09.19-14.26.29:551][  0]LogDerivedDataCache: Unable to find inner node EnterprisePak for hierarchical cache Hierarchy.
[2020.09.19-14.26.29:553][  0]LogDerivedDataCache: Using Local data cache path C:/Users/merto/AppData/Local/UnrealEngine/Common/DerivedDataCache: Writable
[2020.09.19-14.26.29:553][  0]LogDerivedDataCache: Shared data cache path not found in *engine.ini, will not use an Shared cache.
[2020.09.19-14.26.29:553][  0]LogDerivedDataCache: Unable to find inner node Shared for hierarchical cache Hierarchy.
[2020.09.19-14.26.29:602][  0]LogSlate: Using FreeType 2.10.0
[2020.09.19-14.26.29:604][  0]LogSlate: SlateFontServices - WITH_FREETYPE: 1, WITH_HARFBUZZ: 1
[2020.09.19-14.26.29:785][  0]LogAssetRegistry: FAssetRegistry took 0.0038 seconds to start up
[2020.09.19-14.26.30:089][  0]LogInit: Selected Device Profile: [Windows]
[2020.09.19-14.26.30:263][  0]LogMeshReduction: Using QuadricMeshReduction for automatic static mesh reduction
[2020.09.19-14.26.30:263][  0]LogMeshReduction: Using SimplygonMeshReduction for automatic skeletal mesh reduction
[2020.09.19-14.26.30:263][  0]LogMeshReduction: Using ProxyLODMeshReduction for automatic mesh merging
[2020.09.19-14.26.30:263][  0]LogMeshReduction: No distributed automatic mesh merging module available
[2020.09.19-14.26.30:263][  0]LogMeshMerging: No distributed automatic mesh merging module available
[2020.09.19-14.26.30:295][  0]LogNetVersion: SpaceShooter 1.0.0, NetCL: 13144385, EngineNetVer: 14, GameNetVer: 0 (Checksum: 2338955454)
[2020.09.19-14.26.32:254][  0]LogAISub: UAISubsystem::UAISubsystem AISubsystem (000001F3D623BA00), frame # 0
[2020.09.19-14.26.32:254][  0]LogAISub: UAISubsystem::UAISubsystem AIPerceptionSystem (000001F3D624DE40), frame # 0
[2020.09.19-14.26.32:255][  0]LogAISub: UAISubsystem::UAISubsystem EnvQueryManager (000001F3D638E400), frame # 0
[2020.09.19-14.26.32:378][  0]LogPackageLocalizationCache: Processed 17 localized package path(s) for 1 prioritized culture(s) in 0.113267 seconds
[2020.09.19-14.26.32:383][  0]LogUObjectArray: 15756 objects as part of root set at end of initial load.
[2020.09.19-14.26.32:383][  0]LogUObjectAllocator: 3925280 out of 0 bytes used by permanent object pool.
[2020.09.19-14.26.32:383][  0]LogUObjectArray: CloseDisregardForGC: 0/0 objects in disregard for GC pool
[2020.09.19-14.26.33:430][  0]LogTcpMessaging: Initializing TcpMessaging bridge
[2020.09.19-14.26.33:442][  0]LogUdpMessaging: Initializing bridge on interface 0.0.0.0:0 to multicast group 230.0.0.1:6666.
[2020.09.19-14.26.33:695][  0]SourceControl: Source control is disabled
[2020.09.19-14.26.33:695][  0]SourceControl: Source control is disabled
[2020.09.19-14.26.33:706][  0]SourceControl: Source control is disabled
[2020.09.19-14.26.33:715][  0]SourceControl: Source control is disabled
[2020.09.19-14.26.33:748][  0]SourceControl: Source control is disabled
[2020.09.19-14.26.34:917][  0]LogAndroidPermission: UAndroidPermissionCallbackProxy::GetInstance
[2020.09.19-14.26.34:993][  0]LogAudioCaptureCore: Display: No Audio Capture implementations found. Audio input will be silent.
[2020.09.19-14.26.34:993][  0]LogAudioCaptureCore: Display: No Audio Capture implementations found. Audio input will be silent.
[2020.09.19-14.26.35:260][  0]LogEngine: Initializing Engine...
[2020.09.19-14.26.35:261][  0]LogMagicLeap: Warning: VR disabled because ZI is not enabled.  To enable, in the editor, Edit -> Project Settings -> Plugins -> Magic Leap Plugin -> Enable Zero Iteration
[2020.09.19-14.26.35:264][  0]LogStats: UGameplayTagsManager::InitializeManager -  0.001 s
[2020.09.19-14.26.35:573][  0]LogInit: Initializing FReadOnlyCVARCache
[2020.09.19-14.26.35:597][  0]LogAIModule: Creating AISystem for world Untitled
[2020.09.19-14.26.35:597][  0]LogAISub: UAISubsystem::UAISubsystem EnvQueryManager (000001F3DEF24600), frame # 0
[2020.09.19-14.26.35:597][  0]LogAISub: UAISubsystem::UAISubsystem AIPerceptionSystem (000001F3DEE87880), frame # 0
[2020.09.19-14.26.35:610][  0]LogAudioMixer: Display: Audio Mixer Platform Settings:
[2020.09.19-14.26.35:610][  0]LogAudioMixer: Display: 	Sample Rate:						  48000
[2020.09.19-14.26.35:610][  0]LogAudioMixer: Display: 	Callback Buffer Frame Size Requested: 1024
[2020.09.19-14.26.35:610][  0]LogAudioMixer: Display: 	Callback Buffer Frame Size To Use:	  1024
[2020.09.19-14.26.35:610][  0]LogAudioMixer: Display: 	Number of buffers to queue:			  2
[2020.09.19-14.26.35:610][  0]LogAudioMixer: Display: 	Max Channels (voices):				  32
[2020.09.19-14.26.35:610][  0]LogAudioMixer: Display: 	Number of Async Source Workers:		  0
[2020.09.19-14.26.35:610][  0]LogAudio: Display: AudioDevice MaxSources: 32
[2020.09.19-14.26.35:610][  0]LogAudio: Display: Using built-in audio occlusion.
[2020.09.19-14.26.35:610][  0]LogAudioMixer: Display: Initializing audio mixer.
[2020.09.19-14.26.35:755][  0]LogAudioMixer: Display: 0: FrontLeft
[2020.09.19-14.26.35:755][  0]LogAudioMixer: Display: 1: FrontRight
[2020.09.19-14.26.35:890][  0]LogAudioMixer: Display: Using Audio Device SAMSUNG (NVIDIA High Definition Audio)
[2020.09.19-14.26.35:895][  0]LogAudioMixer: Display: Initializing Sound Submixes...
[2020.09.19-14.26.35:912][  0]LogAudioMixer: Display: Creating Master Submix 'MasterSubmixDefault'
[2020.09.19-14.26.35:912][  0]LogAudioMixer: Display: Creating Master Submix 'MasterReverbSubmixDefault'
[2020.09.19-14.26.35:913][  0]LogAudioMixer: Display: Creating Master Submix 'MasterEQSubmixDefault'
[2020.09.19-14.26.35:915][  0]LogInit: FAudioDevice initialized.
[2020.09.19-14.26.35:915][  0]LogNetVersion: Set ProjectVersion to 1.0.0.0. Version Checksum will be recalculated on next use.
[2020.09.19-14.26.36:131][  0]LogDerivedDataCache: Saved boot cache 0.22s 79MB C:/Users/merto/AppData/Local/UnrealEngine/4.25/DerivedDataCache/Boot.ddc.
[2020.09.19-14.26.36:138][  0]LogInit: Texture streaming: Enabled
[2020.09.19-14.26.36:198][  0]LogEngineSessionManager: EngineSessionManager initialized
[2020.09.19-14.26.36:198][  0]LogEditorSessionSummary: Verbose: Initializing EditorSessionSummaryWriter for editor session tracking
[2020.09.19-14.26.36:214][  0]LogEditorSessionSummary: EditorSessionSummaryWriter initialized
[2020.09.19-14.26.36:301][  0]LogInit: Transaction tracking system initialized
[2020.09.19-14.26.36:378][  0]BlueprintLog: New page: Editor Load
[2020.09.19-14.26.36:600][  0]LocalizationService: Localization service is disabled
[2020.09.19-14.26.37:158][  0]LogCook: Display: Max memory allowance for cook 16384mb min free memory 0mb
[2020.09.19-14.26.37:158][  0]LogCook: Display: Mobile HDR setting 1
[2020.09.19-14.26.37:445][  0]LogFileCache: Scanning file cache for directory 'D:/Projects/Unreal Projects/Github Repos/SpaceShooter/Content/' took 0.01s
[2020.09.19-14.26.37:713][  0]SourceControl: Source control is disabled
[2020.09.19-14.26.37:713][  0]LogUnrealEdMisc: Loading editor; pre map load, took 18.310
[2020.09.19-14.26.37:713][  0]Cmd: MAP LOAD FILE="D:/Projects/Unreal Projects/Github Repos/SpaceShooter/Content/Maps/Main.umap" TEMPLATE=0 SHOWPROGRESS=1 FEATURELEVEL=3
[2020.09.19-14.26.37:715][  0]LightingResults: New page: Lighting Build
[2020.09.19-14.26.37:718][  0]LogWorld: UWorld::CleanupWorld for Untitled, bSessionEnded=true, bCleanupResources=true
[2020.09.19-14.26.37:718][  0]LogSlate: InvalidateAllWidgets triggered.  All widgets were invalidated
[2020.09.19-14.26.37:718][  0]MapCheck: New page: Map Check
[2020.09.19-14.26.37:718][  0]LightingResults: New page: Lighting Build
[2020.09.19-14.26.37:727][  0]LogAISub: UAISubsystem::~UAISubsystem EnvQueryManager (000001F3DEF24600), frame # 0
[2020.09.19-14.26.37:727][  0]LogAISub: UAISubsystem::~UAISubsystem AIPerceptionSystem (000001F3DEE87880), frame # 0
[2020.09.19-14.26.37:728][  0]LogUObjectHash: Compacting FUObjectHashTables data took   0.75ms
[2020.09.19-14.26.38:234][  0]LogStaticMesh: Building static mesh Coin...
[2020.09.19-14.26.38:243][  0]LogStaticMesh: Built static mesh [0.01s] /Game/Art/Models/Coin.Coin
[2020.09.19-14.26.38:245][  0]LogStaticMesh: Building static mesh PowerUp...
[2020.09.19-14.26.38:257][  0]LogStaticMesh: Built static mesh [0.01s] /Game/Art/Models/PowerUp.PowerUp
[2020.09.19-14.26.38:266][  0]LogStaticMesh: Building static mesh Boss...
[2020.09.19-14.26.38:294][  0]LogStaticMesh: Built static mesh [0.03s] /Game/Art/Models/Boss.Boss
[2020.09.19-14.26.38:299][  0]LogMaterial: Display: Missing cached shader map for material m_flare_03, compiling. 
[2020.09.19-14.26.38:302][  0]LogMaterial: Warning: D:\Projects\Unreal Projects\Github Repos\SpaceShooter\Content\Art\Materials\m_flare_03.uasset: Failed to compile Material for platform PCD3D_SM5, Default Material will be used in game.
[2020.09.19-14.26.38:302][  0]LogMaterial: Display: 	(Node TextureSample) Texture Sample> Missing input texture
[2020.09.19-14.26.38:346][  0]LogAIModule: Creating AISystem for world Main
[2020.09.19-14.26.38:346][  0]LogAISub: UAISubsystem::UAISubsystem EnvQueryManager (000001F3CDE76600), frame # 0
[2020.09.19-14.26.38:346][  0]LogAISub: UAISubsystem::UAISubsystem AIPerceptionSystem (000001F3CDFE4540), frame # 0
[2020.09.19-14.26.38:355][  0]LogEditorServer: Finished looking for orphan Actors (0.000 secs)
[2020.09.19-14.26.38:369][  0]LogUObjectHash: Compacting FUObjectHashTables data took   1.48ms
[2020.09.19-14.26.38:369][  0]Cmd: MAP CHECKDEP NOCLEARLOG
[2020.09.19-14.26.38:370][  0]MapCheck: Map check complete: 0 Error(s), 0 Warning(s), took 0.883ms to complete.
[2020.09.19-14.26.38:370][  0]LogFileHelpers: Loading map 'Main' took 0.658
[2020.09.19-14.26.38:374][  0]LogUnrealEdMisc: Total Editor Startup Time, took 18.970
[2020.09.19-14.26.38:545][  0]LogSlate: Updating window title bar state: overlay mode, drag disabled, window buttons hidden, title bar hidden
[2020.09.19-14.26.38:552][  0]LogSlate: Updating window title bar state: overlay mode, drag disabled, window buttons hidden, title bar hidden
[2020.09.19-14.26.38:558][  0]LogSlate: Updating window title bar state: overlay mode, drag disabled, window buttons hidden, title bar hidden
[2020.09.19-14.26.38:568][  0]LogSlate: Updating window title bar state: overlay mode, drag disabled, window buttons hidden, title bar hidden
[2020.09.19-14.26.38:585][  0]LogCollectionManager: Loaded 0 collections in 0.002410 seconds
[2020.09.19-14.26.38:600][  0]LogFileCache: Scanning file cache for directory 'D:/Projects/Unreal Projects/Github Repos/SpaceShooter/Saved/Collections/' took 0.00s
[2020.09.19-14.26.38:600][  0]LogFileCache: Scanning file cache for directory 'D:/Projects/Unreal Projects/Github Repos/SpaceShooter/Content/Developers/merto/Collections/' took 0.00s
[2020.09.19-14.26.38:600][  0]LogFileCache: Scanning file cache for directory 'D:/Projects/Unreal Projects/Github Repos/SpaceShooter/Content/Collections/' took 0.00s
[2020.09.19-14.26.38:600][  0]LogContentBrowser: Native class hierarchy populated in 0.0084 seconds. Added 3407 classes and 805 folders.
[2020.09.19-14.26.38:606][  0]LogContentBrowser: Native class hierarchy updated for 'WidgetCarousel' in 0.0003 seconds. Added 0 classes and 0 folders.
[2020.09.19-14.26.38:828][  0]LogContentBrowser: Native class hierarchy updated for 'AddContentDialog' in 0.0004 seconds. Added 0 classes and 0 folders.
[2020.09.19-14.26.38:952][  0]LogSlate: Took 0.000988 seconds to synchronously load lazily loaded font '../../../Engine/Content/Slate/Fonts/Roboto-Regular.ttf' (155K)
[2020.09.19-14.26.38:960][  0]LogSlate: Took 0.000897 seconds to synchronously load lazily loaded font '../../../Engine/Content/Slate/Fonts/Roboto-Bold.ttf' (160K)
[2020.09.19-14.26.38:963][  0]LogSlate: Took 0.000945 seconds to synchronously load lazily loaded font '../../../Engine/Content/Editor/Slate/Fonts/FontAwesome.ttf' (139K)
[2020.09.19-14.26.39:041][  0]LogRenderer: Reallocating scene render targets to support 916x408 Format 10 NumSamples 1 (Frame:1).
[2020.09.19-14.26.39:145][  0]LogContentBrowser: Native class hierarchy updated for 'HierarchicalLODOutliner' in 0.0004 seconds. Added 0 classes and 0 folders.
[2020.09.19-14.26.39:145][  0]LogLoad: (Engine Initialization) Total time: 19.74 seconds
[2020.09.19-14.26.39:145][  0]LogLoad: (Engine Initialization) Total Blueprint compile time: 0.00 seconds
[2020.09.19-14.26.39:186][  0]LogAssetRegistry: Asset discovery search completed in 9.4007 seconds
[2020.09.19-14.26.39:189][  0]LogCollectionManager: Fixed up redirectors for 0 collections in 0.000002 seconds (updated 0 objects)
[2020.09.19-14.26.39:191][  0]LogContentStreaming: Texture pool size now 3000 MB
[2020.09.19-14.26.39:216][  0]LogSlate: Took 0.001107 seconds to synchronously load lazily loaded font '../../../Engine/Content/Slate/Fonts/Roboto-Light.ttf' (167K)
[2020.09.19-14.27.14:742][350]LogSlate: Took 0.001861 seconds to synchronously load lazily loaded font '../../../Engine/Content/Slate/Fonts/Roboto-Light.ttf' (167K)
[2020.09.19-14.27.14:772][350]LogFactory: Error: Can't find file 'Assets\NewButtons\ButtonDown.png' for import
[2020.09.19-14.27.16:523][350]LogSlate: Window 'Message' being destroyed
[2020.09.19-14.27.16:529][350]Message dialog closed, result: Ok, title: Message, text: Failed to import 'Assets\NewButtons\ButtonDown.png'. Failed to create asset '/Game/Art/Textures/ButtonDown'.
Please see Output Log for details.
[2020.09.19-14.27.16:529][350]LogAssetTools: Warning: Failed to import 'Assets\NewButtons\ButtonDown.png'. Failed to create asset '/Game/Art/Textures/ButtonDown'.
Please see Output Log for details.
[2020.09.19-14.27.16:533][350]LogFactory: Error: Can't find file 'Assets\NewButtons\Button.png' for import
[2020.09.19-14.27.17:286][350]LogSlate: Window 'Message' being destroyed
[2020.09.19-14.27.17:291][350]Message dialog closed, result: Ok, title: Message, text: Failed to import 'Assets\NewButtons\Button.png'. Failed to create asset '/Game/Art/Textures/Button'.
Please see Output Log for details.
[2020.09.19-14.27.17:291][350]LogAssetTools: Warning: Failed to import 'Assets\NewButtons\Button.png'. Failed to create asset '/Game/Art/Textures/Button'.
Please see Output Log for details.
[2020.09.19-14.27.53:327][348]LogUObjectHash: Compacting FUObjectHashTables data took   0.67ms
[2020.09.19-14.28.00:150][159]LogSlate: Window 'Asset Report' being destroyed
[2020.09.19-14.28.49:898][  0]Cmd: OBJ SAVEPACKAGE PACKAGE="/Game/Art/Textures/Button" FILE="D:/Projects/Unreal Projects/Github Repos/SpaceShooter/Content/Art/Textures/Button.uasset" SILENT=true
[2020.09.19-14.28.49:917][  0]LogSavePackage: Moving 'D:/Projects/Unreal Projects/Github Repos/SpaceShooter/Saved/ButtonA40BD28942B51CE854C4CAB3BBD3EB50.tmp' to 'D:/Projects/Unreal Projects/Github Repos/SpaceShooter/Content/Art/Textures/Button.uasset'
[2020.09.19-14.28.49:924][  0]Cmd: OBJ SAVEPACKAGE PACKAGE="/Game/Art/Textures/ButtonDown" FILE="D:/Projects/Unreal Projects/Github Repos/SpaceShooter/Content/Art/Textures/ButtonDown.uasset" SILENT=true
[2020.09.19-14.28.49:931][  0]LogSavePackage: Moving 'D:/Projects/Unreal Projects/Github Repos/SpaceShooter/Saved/ButtonDownB6CB1FD34114821B508B09966530E6D9.tmp' to 'D:/Projects/Unreal Projects/Github Repos/SpaceShooter/Content/Art/Textures/ButtonDown.uasset'
[2020.09.19-14.28.49:939][  0]Cmd: OBJ SAVEPACKAGE PACKAGE="/Game/Art/Textures/T_sunflare" FILE="D:/Projects/Unreal Projects/Github Repos/SpaceShooter/Content/Art/Textures/T_sunflare.uasset" SILENT=true
[2020.09.19-14.28.49:950][  0]LogSavePackage: Moving 'D:/Projects/Unreal Projects/Github Repos/SpaceShooter/Saved/T_sunflareEB241CCC433F370D0A9A1088963FE086.tmp' to 'D:/Projects/Unreal Projects/Github Repos/SpaceShooter/Content/Art/Textures/T_sunflare.uasset'
[2020.09.19-14.28.50:083][  0]LogUObjectHash: Compacting FUObjectHashTables data took   0.57ms
[2020.09.19-14.28.50:092][  0]LogUObjectHash: Compacting FUObjectHashTables data took   0.25ms
[2020.09.19-14.28.50:100][  0]LogUObjectHash: Compacting FUObjectHashTables data took   0.23ms
[2020.09.19-14.28.50:116][  0]LogUObjectHash: Compacting FUObjectHashTables data took   0.58ms
[2020.09.19-14.28.50:124][  0]LogUObjectHash: Compacting FUObjectHashTables data took   0.23ms
[2020.09.19-14.28.50:160][  0]AssetCheck: New page: Asset Save: multiple assets
[2020.09.19-14.28.50:160][  0]LogContentValidation: Display: Validating Texture2D /Game/Art/Textures/Button.Button
[2020.09.19-14.28.50:160][  0]LogContentValidation: Display: Validating Texture2D /Game/Art/Textures/ButtonDown.ButtonDown
[2020.09.19-14.28.50:160][  0]LogContentValidation: Display: Validating Texture2D /Game/Art/Textures/T_sunflare.T_sunflare
[2020.09.19-14.30.07:382][178]Cmd: OBJ SAVEPACKAGE PACKAGE="/Game/Art/Textures/ButtonDown" FILE="D:/Projects/Unreal Projects/Github Repos/SpaceShooter/Content/Art/Textures/ButtonDown.uasset" SILENT=true
[2020.09.19-14.30.07:437][178]LogSavePackage: Moving 'D:/Projects/Unreal Projects/Github Repos/SpaceShooter/Saved/ButtonDown0DA9AD2A425D242441016798E58E2A9C.tmp' to 'D:/Projects/Unreal Projects/Github Repos/SpaceShooter/Content/Art/Textures/ButtonDown.uasset'
[2020.09.19-14.30.07:455][178]AssetCheck: New page: Asset Save: ButtonDown
[2020.09.19-14.30.07:455][178]LogContentValidation: Display: Validating Texture2D /Game/Art/Textures/ButtonDown.ButtonDown
[2020.09.19-14.30.17:599][757]LogAssetEditorSubsystem: Opening Asset editor for World /Game/Maps/Main.Main
[2020.09.19-14.30.17:607][757]LogUObjectHash: Compacting FUObjectHashTables data took   0.53ms
[2020.09.19-14.30.17:609][757]Cmd: MAP LOAD FILE="D:/Projects/Unreal Projects/Github Repos/SpaceShooter/Content/Maps/Main.umap" TEMPLATE=0 SHOWPROGRESS=1 FEATURELEVEL=3
[2020.09.19-14.30.17:609][757]LightingResults: New page: Lighting Build
[2020.09.19-14.30.17:609][757]LoadErrors: New page: Loading map: Main.umap
[2020.09.19-14.30.17:635][757]LogWorld: UWorld::CleanupWorld for Main, bSessionEnded=true, bCleanupResources=true
[2020.09.19-14.30.17:635][757]LogSlate: InvalidateAllWidgets triggered.  All widgets were invalidated
[2020.09.19-14.30.17:635][757]MapCheck: New page: Map Check
[2020.09.19-14.30.17:635][757]LightingResults: New page: Lighting Build
[2020.09.19-14.30.17:644][757]LogAISub: UAISubsystem::~UAISubsystem EnvQueryManager (000001F3CDE76600), frame # 7757
[2020.09.19-14.30.17:644][757]LogAISub: UAISubsystem::~UAISubsystem AIPerceptionSystem (000001F3CDFE4540), frame # 7757
[2020.09.19-14.30.17:644][757]LogUObjectHash: Compacting FUObjectHashTables data took   0.69ms
[2020.09.19-14.30.17:669][757]LogAIModule: Creating AISystem for world Main
[2020.09.19-14.30.17:669][757]LogAISub: UAISubsystem::UAISubsystem EnvQueryManager (000001F38547C600), frame # 7757
[2020.09.19-14.30.17:669][757]LogAISub: UAISubsystem::UAISubsystem AIPerceptionSystem (000001F3F077D300), frame # 7757
[2020.09.19-14.30.17:742][757]LogEditorServer: Finished looking for orphan Actors (0.000 secs)
[2020.09.19-14.30.17:753][757]LogUObjectHash: Compacting FUObjectHashTables data took   0.98ms
[2020.09.19-14.30.17:772][757]Cmd: MAP CHECKDEP NOCLEARLOG
[2020.09.19-14.30.17:773][757]MapCheck: Map check complete: 0 Error(s), 0 Warning(s), took 0.845ms to complete.
[2020.09.19-14.30.17:773][757]LogFileHelpers: Loading map 'Main' took 0.164
[2020.09.19-14.30.21:769][906]LogAssetEditorSubsystem: Opening Asset editor for World /Game/Maps/Menu.Menu
[2020.09.19-14.30.21:778][906]LogUObjectHash: Compacting FUObjectHashTables data took   0.82ms
[2020.09.19-14.30.21:780][906]Cmd: MAP LOAD FILE="D:/Projects/Unreal Projects/Github Repos/SpaceShooter/Content/Maps/Menu.umap" TEMPLATE=0 SHOWPROGRESS=1 FEATURELEVEL=3
[2020.09.19-14.30.21:780][906]LightingResults: New page: Lighting Build
[2020.09.19-14.30.21:780][906]LoadErrors: New page: Loading map: Menu.umap
[2020.09.19-14.30.21:815][906]LogWorld: UWorld::CleanupWorld for Main, bSessionEnded=true, bCleanupResources=true
[2020.09.19-14.30.21:815][906]LogSlate: InvalidateAllWidgets triggered.  All widgets were invalidated
[2020.09.19-14.30.21:815][906]MapCheck: New page: Map Check
[2020.09.19-14.30.21:815][906]LightingResults: New page: Lighting Build
[2020.09.19-14.30.21:824][906]LogAISub: UAISubsystem::~UAISubsystem EnvQueryManager (000001F38547C600), frame # 7906
[2020.09.19-14.30.21:824][906]LogAISub: UAISubsystem::~UAISubsystem AIPerceptionSystem (000001F3F077D300), frame # 7906
[2020.09.19-14.30.21:825][906]LogUObjectHash: Compacting FUObjectHashTables data took   1.01ms
[2020.09.19-14.30.21:914][906]LogEditorServer: Finished looking for orphan Actors (0.000 secs)
[2020.09.19-14.30.21:914][906]LogAIModule: Creating AISystem for world Menu
[2020.09.19-14.30.21:914][906]LogAISub: UAISubsystem::UAISubsystem EnvQueryManager (000001F38E58DC00), frame # 7906
[2020.09.19-14.30.21:914][906]LogAISub: UAISubsystem::UAISubsystem AIPerceptionSystem (000001F3F077CF40), frame # 7906
[2020.09.19-14.30.21:925][906]LogUObjectHash: Compacting FUObjectHashTables data took   0.69ms
[2020.09.19-14.30.21:944][906]Cmd: MAP CHECKDEP NOCLEARLOG
[2020.09.19-14.30.21:945][906]MapCheck: Map check complete: 0 Error(s), 0 Warning(s), took 0.603ms to complete.
[2020.09.19-14.30.21:945][906]LogFileHelpers: Loading map 'Menu' took 0.166
[2020.09.19-14.30.32:314][698]LogAssetEditorSubsystem: Opening Asset editor for WidgetBlueprint /Game/Blueprints/UI/MainMenu.MainMenu
[2020.09.19-14.30.32:638][698]LogContentBrowser: Native class hierarchy updated for 'BlueprintGraph' in 0.0007 seconds. Added 125 classes and 0 folders.
[2020.09.19-14.30.33:867][698]LogSlate: Took 0.001124 seconds to synchronously load lazily loaded font '../../../Engine/Content/Slate/Fonts/Roboto-BoldCondensed.ttf' (158K)
[2020.09.19-14.30.40:073][235]LogSlate: Window 'MainMenu' being destroyed
[2020.09.19-14.30.46:151][411]LogSlate: Took 0.002887 seconds to synchronously load lazily loaded font '../../../Engine/Content/Slate/Fonts/DroidSansFallback.ttf' (3848K)
[2020.09.19-14.31.14:742][526]BlueprintLog: New page: Compile MainMenu
[2020.09.19-14.31.14:801][526]LogUObjectHash: Compacting FUObjectHashTables data took   4.04ms
[2020.09.19-14.33.14:479][382]BlueprintLog: New page: Compile MainMenu
[2020.09.19-14.33.14:511][382]LogUObjectHash: Compacting FUObjectHashTables data took   3.79ms
[2020.09.19-14.33.25:845][451]BlueprintLog: New page: Compile MainMenu
[2020.09.19-14.33.25:874][451]LogUObjectHash: Compacting FUObjectHashTables data took   3.52ms
[2020.09.19-14.34.47:961][ 81]LogSlate: Window 'Color Picker' being destroyed
[2020.09.19-14.37.16:248][ 34]BlueprintLog: New page: Compile MainMenu
[2020.09.19-14.37.16:277][ 34]LogUObjectHash: Compacting FUObjectHashTables data took   3.43ms
[2020.09.19-14.38.11:135][344]BlueprintLog: New page: Compile MainMenu
[2020.09.19-14.38.11:165][344]LogUObjectHash: Compacting FUObjectHashTables data took   3.29ms
[2020.09.19-14.38.11:950][422]Cmd: OBJ SAVEPACKAGE PACKAGE="/Game/Blueprints/UI/MainMenu" FILE="D:/Projects/Unreal Projects/Github Repos/SpaceShooter/Content/Blueprints/UI/MainMenu.uasset" SILENT=true
[2020.09.19-14.38.12:014][422]LogSavePackage: Moving 'D:/Projects/Unreal Projects/Github Repos/SpaceShooter/Saved/MainMenuCEBCA96F4A5C5B9C8B37E6B9665FB88C.tmp' to 'D:/Projects/Unreal Projects/Github Repos/SpaceShooter/Content/Blueprints/UI/MainMenu.uasset'
[2020.09.19-14.38.12:035][422]AssetCheck: New page: Asset Save: MainMenu
[2020.09.19-14.38.12:035][422]LogContentValidation: Display: Validating WidgetBlueprint /Game/Blueprints/UI/MainMenu.MainMenu
[2020.09.19-14.38.38:881][308]BlueprintLog: New page: Compile MainMenu
[2020.09.19-14.38.38:911][308]LogUObjectHash: Compacting FUObjectHashTables data took   3.73ms
[2020.09.19-14.38.39:650][381]Cmd: OBJ SAVEPACKAGE PACKAGE="/Game/Blueprints/UI/MainMenu" FILE="D:/Projects/Unreal Projects/Github Repos/SpaceShooter/Content/Blueprints/UI/MainMenu.uasset" SILENT=true
[2020.09.19-14.38.39:715][381]LogSavePackage: Moving 'D:/Projects/Unreal Projects/Github Repos/SpaceShooter/Saved/MainMenu6AAECBD243D451A811BEE1B68FC26FCF.tmp' to 'D:/Projects/Unreal Projects/Github Repos/SpaceShooter/Content/Blueprints/UI/MainMenu.uasset'
[2020.09.19-14.38.39:736][381]AssetCheck: New page: Asset Save: MainMenu
[2020.09.19-14.38.39:736][381]LogContentValidation: Display: Validating WidgetBlueprint /Game/Blueprints/UI/MainMenu.MainMenu
[2020.09.19-14.38.44:798][555]LogTemp: Repeating last play command: Selected Viewport
[2020.09.19-14.38.44:816][555]LogPlayLevel: PlayLevel: No blueprints needed recompiling
[2020.09.19-14.38.44:816][555]PIE: New page: PIE session: Menu (Sep 19, 2020, 8:38:44 PM)
[2020.09.19-14.38.44:818][555]LogOnline: OSS: Creating online subsystem instance for: NULL
[2020.09.19-14.38.44:819][555]LogOnline: OSS: TryLoadSubsystemAndSetDefault: Loaded subsystem for module [NULL]
[2020.09.19-14.38.44:819][555]LogPlayLevel: Creating play world package: /Game/Maps/UEDPIE_0_Menu
[2020.09.19-14.38.44:821][555]LogPlayLevel: PIE: StaticDuplicateObject took: (0.001975s)
[2020.09.19-14.38.44:822][555]LogAIModule: Creating AISystem for world Menu
[2020.09.19-14.38.44:822][555]LogAISub: UAISubsystem::UAISubsystem EnvQueryManager (000001F425531800), frame # 44555
[2020.09.19-14.38.44:822][555]LogAISub: UAISubsystem::UAISubsystem AIPerceptionSystem (000001F40D6D8400), frame # 44555
[2020.09.19-14.38.44:823][555]LogPlayLevel: PIE: World Init took: (0.001074s)
[2020.09.19-14.38.44:823][555]LogPlayLevel: PIE: Created PIE world by copying editor world from /Game/Maps/Menu.Menu to /Game/Maps/UEDPIE_0_Menu.Menu (0.003158s)
[2020.09.19-14.38.44:847][555]LogUObjectHash: Compacting FUObjectHashTables data took   2.91ms
[2020.09.19-14.38.44:848][555]LogAudioMixer: Display: Audio Mixer Platform Settings:
[2020.09.19-14.38.44:848][555]LogAudioMixer: Display: 	Sample Rate:						  48000
[2020.09.19-14.38.44:848][555]LogAudioMixer: Display: 	Callback Buffer Frame Size Requested: 1024
[2020.09.19-14.38.44:848][555]LogAudioMixer: Display: 	Callback Buffer Frame Size To Use:	  1024
[2020.09.19-14.38.44:848][555]LogAudioMixer: Display: 	Number of buffers to queue:			  2
[2020.09.19-14.38.44:848][555]LogAudioMixer: Display: 	Max Channels (voices):				  32
[2020.09.19-14.38.44:848][555]LogAudioMixer: Display: 	Number of Async Source Workers:		  0
[2020.09.19-14.38.44:848][555]LogAudio: Display: AudioDevice MaxSources: 32
[2020.09.19-14.38.44:848][555]LogAudio: Display: Using built-in audio occlusion.
[2020.09.19-14.38.44:848][555]LogAudioMixer: Display: Initializing audio mixer.
[2020.09.19-14.38.44:873][555]LogAudioMixer: Display: 0: FrontLeft
[2020.09.19-14.38.44:873][555]LogAudioMixer: Display: 1: FrontRight
[2020.09.19-14.38.44:931][555]LogAudioMixer: Display: Using Audio Device SAMSUNG (NVIDIA High Definition Audio)
[2020.09.19-14.38.44:931][555]LogAudioMixer: Display: Initializing Sound Submixes...
[2020.09.19-14.38.44:931][555]LogAudioMixer: Display: Creating Master Submix 'MasterSubmixDefault'
[2020.09.19-14.38.44:931][555]LogAudioMixer: Display: Creating Master Submix 'MasterReverbSubmixDefault'
[2020.09.19-14.38.44:931][555]LogAudioMixer: Display: Creating Master Submix 'MasterEQSubmixDefault'
[2020.09.19-14.38.44:944][555]LogInit: FAudioDevice initialized.
[2020.09.19-14.38.44:982][555]LogSlate: Updating window title bar state: overlay mode, drag disabled, window buttons hidden, title bar hidden
[2020.09.19-14.38.44:983][555]LogLoad: Game class is 'BP_GameMode_C'
[2020.09.19-14.38.44:984][555]LogWorld: Bringing World /Game/Maps/UEDPIE_0_Menu.Menu up for play (max tick rate 0) at 2020.09.19-17.38.44
[2020.09.19-14.38.44:984][555]LogWorld: Bringing up level for play took: 0.000792
[2020.09.19-14.38.44:984][555]LogOnline: OSS: Creating online subsystem instance for: :Context_4
[2020.09.19-14.38.44:990][555]LogContentBrowser: Native class hierarchy updated for 'MovieSceneCapture' in 0.0004 seconds. Added 20 classes and 0 folders.
[2020.09.19-14.38.44:991][555]LogGameMode: Display: Match State Changed from EnteringMap to WaitingToStart
[2020.09.19-14.38.44:991][555]LogGameState: Match State Changed from EnteringMap to WaitingToStart
[2020.09.19-14.38.44:991][555]LogGameMode: Display: Match State Changed from WaitingToStart to InProgress
[2020.09.19-14.38.44:995][555]LogGameState: Match State Changed from WaitingToStart to InProgress
[2020.09.19-14.38.44:996][555]PIE: Server logged in
[2020.09.19-14.38.44:996][555]PIE: Play in editor total start time 0.186 seconds.
[2020.09.19-14.38.45:072][556]LogRenderer: Reallocating scene render targets to support 1280x720 Format 10 NumSamples 1 (Frame:1).
[2020.09.19-14.38.52:012][346]LogSlate: Updating window title bar state: overlay mode, drag disabled, window buttons hidden, title bar hidden
[2020.09.19-14.38.52:012][346]LogWorld: BeginTearingDown for /Game/Maps/UEDPIE_0_Menu
[2020.09.19-14.38.52:013][346]LogSlate: Window 'SpaceShooter Preview [NetMode: Standalone] (64-bit/Windows) ' being destroyed
[2020.09.19-14.38.52:025][346]LogWorld: UWorld::CleanupWorld for Menu, bSessionEnded=true, bCleanupResources=true
[2020.09.19-14.38.52:025][346]LogSlate: InvalidateAllWidgets triggered.  All widgets were invalidated
[2020.09.19-14.38.52:034][346]LogPlayLevel: Display: Shutting down PIE online subsystems
[2020.09.19-14.38.52:040][346]LogSlate: InvalidateAllWidgets triggered.  All widgets were invalidated
[2020.09.19-14.38.52:094][346]LogAISub: UAISubsystem::~UAISubsystem AIPerceptionSystem (000001F40D6D8400), frame # 45346
[2020.09.19-14.38.52:094][346]LogAISub: UAISubsystem::~UAISubsystem EnvQueryManager (000001F425531800), frame # 45346
[2020.09.19-14.38.52:129][346]LogUObjectHash: Compacting FUObjectHashTables data took   3.77ms
[2020.09.19-14.38.52:148][347]LogPlayLevel: Display: Destroying online subsystem :Context_4
[2020.09.19-14.39.30:925][112]LogTemp: Repeating last play command: Selected Viewport
[2020.09.19-14.39.30:940][112]LogPlayLevel: PlayLevel: No blueprints needed recompiling
[2020.09.19-14.39.30:940][112]PIE: New page: PIE session: Menu (Sep 19, 2020, 8:39:30 PM)
[2020.09.19-14.39.30:940][112]LogPlayLevel: Creating play world package: /Game/Maps/UEDPIE_0_Menu
[2020.09.19-14.39.30:942][112]LogPlayLevel: PIE: StaticDuplicateObject took: (0.001980s)
[2020.09.19-14.39.30:942][112]LogAIModule: Creating AISystem for world Menu
[2020.09.19-14.39.30:942][112]LogAISub: UAISubsystem::UAISubsystem EnvQueryManager (000001F40DAA1E00), frame # 48112
[2020.09.19-14.39.30:942][112]LogAISub: UAISubsystem::UAISubsystem AIPerceptionSystem (000001F424949940), frame # 48112
[2020.09.19-14.39.30:942][112]LogPlayLevel: PIE: World Init took: (0.000998s)
[2020.09.19-14.39.30:943][112]LogPlayLevel: PIE: Created PIE world by copying editor world from /Game/Maps/Menu.Menu to /Game/Maps/UEDPIE_0_Menu.Menu (0.003106s)
[2020.09.19-14.39.30:993][112]LogUObjectHash: Compacting FUObjectHashTables data took   3.19ms
[2020.09.19-14.39.30:995][112]LogAudioMixer: Display: Audio Mixer Platform Settings:
[2020.09.19-14.39.30:995][112]LogAudioMixer: Display: 	Sample Rate:						  48000
[2020.09.19-14.39.30:995][112]LogAudioMixer: Display: 	Callback Buffer Frame Size Requested: 1024
[2020.09.19-14.39.30:995][112]LogAudioMixer: Display: 	Callback Buffer Frame Size To Use:	  1024
[2020.09.19-14.39.30:995][112]LogAudioMixer: Display: 	Number of buffers to queue:			  2
[2020.09.19-14.39.30:995][112]LogAudioMixer: Display: 	Max Channels (voices):				  32
[2020.09.19-14.39.30:995][112]LogAudioMixer: Display: 	Number of Async Source Workers:		  0
[2020.09.19-14.39.30:995][112]LogAudio: Display: AudioDevice MaxSources: 32
[2020.09.19-14.39.30:995][112]LogAudio: Display: Using built-in audio occlusion.
[2020.09.19-14.39.30:996][112]LogAudioMixer: Display: Initializing audio mixer.
[2020.09.19-14.39.31:019][112]LogAudioMixer: Display: 0: FrontLeft
[2020.09.19-14.39.31:019][112]LogAudioMixer: Display: 1: FrontRight
[2020.09.19-14.39.31:074][112]LogAudioMixer: Display: Using Audio Device SAMSUNG (NVIDIA High Definition Audio)
[2020.09.19-14.39.31:074][112]LogAudioMixer: Display: Initializing Sound Submixes...
[2020.09.19-14.39.31:074][112]LogAudioMixer: Display: Creating Master Submix 'MasterSubmixDefault'
[2020.09.19-14.39.31:074][112]LogAudioMixer: Display: Creating Master Submix 'MasterReverbSubmixDefault'
[2020.09.19-14.39.31:075][112]LogAudioMixer: Display: Creating Master Submix 'MasterEQSubmixDefault'
[2020.09.19-14.39.31:086][112]LogInit: FAudioDevice initialized.
[2020.09.19-14.39.31:133][112]LogSlate: Updating window title bar state: overlay mode, drag disabled, window buttons hidden, title bar hidden
[2020.09.19-14.39.31:133][112]LogLoad: Game class is 'BP_GameMode_C'
[2020.09.19-14.39.31:135][112]LogWorld: Bringing World /Game/Maps/UEDPIE_0_Menu.Menu up for play (max tick rate 0) at 2020.09.19-17.39.31
[2020.09.19-14.39.31:135][112]LogWorld: Bringing up level for play took: 0.000671
[2020.09.19-14.39.31:135][112]LogOnline: OSS: Creating online subsystem instance for: :Context_5
[2020.09.19-14.39.31:137][112]LogGameMode: Display: Match State Changed from EnteringMap to WaitingToStart
[2020.09.19-14.39.31:137][112]LogGameState: Match State Changed from EnteringMap to WaitingToStart
[2020.09.19-14.39.31:137][112]LogGameMode: Display: Match State Changed from WaitingToStart to InProgress
[2020.09.19-14.39.31:141][112]LogGameState: Match State Changed from WaitingToStart to InProgress
[2020.09.19-14.39.31:142][112]PIE: Server logged in
[2020.09.19-14.39.31:144][112]PIE: Play in editor total start time 0.208 seconds.
[2020.09.19-14.39.36:083][678]LogSlate: Updating window title bar state: overlay mode, drag disabled, window buttons hidden, title bar hidden
[2020.09.19-14.39.36:083][678]LogWorld: BeginTearingDown for /Game/Maps/UEDPIE_0_Menu
[2020.09.19-14.39.36:083][678]LogSlate: Window 'SpaceShooter Preview [NetMode: Standalone] (64-bit/Windows) ' being destroyed
[2020.09.19-14.39.36:096][678]LogWorld: UWorld::CleanupWorld for Menu, bSessionEnded=true, bCleanupResources=true
[2020.09.19-14.39.36:096][678]LogSlate: InvalidateAllWidgets triggered.  All widgets were invalidated
[2020.09.19-14.39.36:100][678]LogPlayLevel: Display: Shutting down PIE online subsystems
[2020.09.19-14.39.36:104][678]LogSlate: InvalidateAllWidgets triggered.  All widgets were invalidated
[2020.09.19-14.39.36:140][678]LogAISub: UAISubsystem::~UAISubsystem AIPerceptionSystem (000001F424949940), frame # 48678
[2020.09.19-14.39.36:140][678]LogAISub: UAISubsystem::~UAISubsystem EnvQueryManager (000001F40DAA1E00), frame # 48678
[2020.09.19-14.39.36:143][678]LogUObjectHash: Compacting FUObjectHashTables data took   2.24ms
[2020.09.19-14.39.36:162][679]LogPlayLevel: Display: Destroying online subsystem :Context_5
[2020.09.19-14.39.45:711][628]LogHttp: Warning: 000001F4086ACF00: invalid HTTP response code received. URL: https://datarouter.ol.epicgames.com/datarouter/api/v1/public/data?SessionID=%7B9584E445-4869-E565-7AC3-13810D1A6FF4%7D&AppID=UEEditor.Rocket.Release&AppVersion=4.25.1-13594126%2B%2B%2BUE4%2BRelease-4.25&UserID=33812ba54b77c71125945f8a3c6a2dc8%7C2b7d013b6b6e4599bc03a72ed8460c53%7C9cf8703c-a15b-418e-bde0-f41df3ab3912&AppEnvironment=datacollector-source&UploadType=eteventstream, HTTP code: 0, content length: 0, actual payload size: 0
[2020.09.19-14.39.45:711][628]LogHttp: Warning: 000001F4086ACF00: request failed, libcurl error: 0 (No error)
[2020.09.19-14.39.45:711][628]LogHttp: Warning: 000001F4086ACF00: libcurl info message cache 0 (Found bundle for host datarouter.ol.epicgames.com: 0x1f3b479ff70 [can pipeline])
[2020.09.19-14.39.45:711][628]LogHttp: Warning: 000001F4086ACF00: libcurl info message cache 1 (Re-using existing connection! (#5) with host datarouter.ol.epicgames.com)
[2020.09.19-14.39.45:711][628]LogHttp: Warning: 000001F4086ACF00: libcurl info message cache 2 (Connected to datarouter.ol.epicgames.com (18.208.48.150) port 443 (#5))
[2020.09.19-14.39.45:711][628]LogHttp: Warning: 000001F4086ACF00: libcurl info message cache 3 (We are completely uploaded and fine)
[2020.09.19-14.39.45:711][628]LogHttp: Warning: 000001F4086ACF00: libcurl info message cache 4 (TLSv1.2 (IN), TLS alert, Client hello (1):)
[2020.09.19-14.39.45:711][628]LogHttp: Warning: 000001F4086ACF00: libcurl info message cache 5 (Connection died, retrying a fresh connect)
[2020.09.19-14.39.45:711][628]LogHttp: Warning: 000001F4086ACF00: libcurl info message cache 6 (necessary data rewind wasn't possible)
[2020.09.19-14.39.45:711][628]LogHttp: Warning: 000001F4086ACF00: libcurl info message cache 7 (Closing connection 5)
[2020.09.19-14.39.45:711][628]LogHttp: Warning: 000001F4086ACF00: libcurl info message cache 8 (TLSv1.2 (OUT), TLS alert, Client hello (1):)
[2020.09.19-14.39.45:711][628]LogHttp: Warning: Retry exhausted on https://datarouter.ol.epicgames.com/datarouter/api/v1/public/data?SessionID=%7B9584E445-4869-E565-7AC3-13810D1A6FF4%7D&AppID=UEEditor.Rocket.Release&AppVersion=4.25.1-13594126%2B%2B%2BUE4%2BRelease-4.25&UserID=33812ba54b77c71125945f8a3c6a2dc8%7C2b7d013b6b6e4599bc03a72ed8460c53%7C9cf8703c-a15b-418e-bde0-f41df3ab3912&AppEnvironment=datacollector-source&UploadType=eteventstream
[2020.09.19-14.40.08:675][980]LogWorld: UWorld::CleanupWorld for World_1, bSessionEnded=true, bCleanupResources=true
[2020.09.19-14.40.08:675][980]LogSlate: InvalidateAllWidgets triggered.  All widgets were invalidated
[2020.09.19-14.40.08:690][980]LogWorld: UWorld::CleanupWorld for World_0, bSessionEnded=true, bCleanupResources=true
[2020.09.19-14.40.08:690][980]LogSlate: InvalidateAllWidgets triggered.  All widgets were invalidated
[2020.09.19-14.40.50:868][ 35]LogAssetEditorSubsystem: Opening Asset editor for WidgetBlueprint /Game/Blueprints/UI/GameOverMenu.GameOverMenu
[2020.09.19-14.43.30:343][242]BlueprintLog: New page: Compile GameOverMenu
[2020.09.19-14.43.30:397][242]LogUObjectHash: Compacting FUObjectHashTables data took   3.80ms
[2020.09.19-14.43.43:118][612]LogEditorTransaction: Undo Resize Widget
[2020.09.19-14.43.45:451][811]BlueprintLog: New page: Compile GameOverMenu
[2020.09.19-14.43.45:493][811]LogUObjectHash: Compacting FUObjectHashTables data took   2.80ms
[2020.09.19-14.43.47:603][ 21]Cmd: OBJ SAVEPACKAGE PACKAGE="/Game/Blueprints/UI/GameOverMenu" FILE="D:/Projects/Unreal Projects/Github Repos/SpaceShooter/Content/Blueprints/UI/GameOverMenu.uasset" SILENT=true
[2020.09.19-14.43.47:682][ 21]LogSavePackage: Moving 'D:/Projects/Unreal Projects/Github Repos/SpaceShooter/Saved/GameOverMenu91882D0747B523FDA395CA9D597AB42D.tmp' to 'D:/Projects/Unreal Projects/Github Repos/SpaceShooter/Content/Blueprints/UI/GameOverMenu.uasset'
[2020.09.19-14.43.47:704][ 21]AssetCheck: New page: Asset Save: GameOverMenu
[2020.09.19-14.43.47:704][ 21]LogContentValidation: Display: Validating WidgetBlueprint /Game/Blueprints/UI/GameOverMenu.GameOverMenu
[2020.09.19-14.43.48:423][ 91]LogSlate: Window 'GameOverMenu' being destroyed
[2020.09.19-14.43.48:434][ 91]LogWorld: UWorld::CleanupWorld for World_4, bSessionEnded=true, bCleanupResources=true
[2020.09.19-14.43.48:434][ 91]LogSlate: InvalidateAllWidgets triggered.  All widgets were invalidated
[2020.09.19-14.43.48:447][ 91]LogWorld: UWorld::CleanupWorld for World_3, bSessionEnded=true, bCleanupResources=true
[2020.09.19-14.43.48:447][ 91]LogSlate: InvalidateAllWidgets triggered.  All widgets were invalidated
[2020.09.19-14.43.51:003][381]LogAssetEditorSubsystem: Opening Asset editor for WidgetBlueprint /Game/Blueprints/UI/MainMenu.MainMenu
[2020.09.19-14.44.25:854][410]LogAssetEditorSubsystem: Opening Asset editor for WidgetBlueprint /Game/Blueprints/UI/GameOverMenu.GameOverMenu
[2020.09.19-14.44.32:103][906]LogSlate: Window 'GameOverMenu' being destroyed
[2020.09.19-14.44.42:376][103]LogSlate: Window 'Color Picker' being destroyed
[2020.09.19-14.44.50:209][ 12]LogSlate: Window 'Color Picker' being destroyed
[2020.09.19-14.45.51:286][208]BlueprintLog: New page: Compile GameOverMenu
[2020.09.19-14.45.51:324][208]LogUObjectHash: Compacting FUObjectHashTables data took   2.43ms
[2020.09.19-14.47.22:021][885]BlueprintLog: New page: Compile GameOverMenu
[2020.09.19-14.47.22:048][885]LogUObjectHash: Compacting FUObjectHashTables data took   3.11ms
[2020.09.19-14.47.24:656][172]Cmd: OBJ SAVEPACKAGE PACKAGE="/Game/Blueprints/UI/GameOverMenu" FILE="D:/Projects/Unreal Projects/Github Repos/SpaceShooter/Content/Blueprints/UI/GameOverMenu.uasset" SILENT=true
[2020.09.19-14.47.24:718][172]LogSavePackage: Moving 'D:/Projects/Unreal Projects/Github Repos/SpaceShooter/Saved/GameOverMenuDC2AFC2F456384295406709E1C87EF59.tmp' to 'D:/Projects/Unreal Projects/Github Repos/SpaceShooter/Content/Blueprints/UI/GameOverMenu.uasset'
[2020.09.19-14.47.24:733][172]AssetCheck: New page: Asset Save: GameOverMenu
[2020.09.19-14.47.24:733][172]LogContentValidation: Display: Validating WidgetBlueprint /Game/Blueprints/UI/GameOverMenu.GameOverMenu
[2020.09.19-14.47.27:742][517]LogAssetEditorSubsystem: Opening Asset editor for WidgetBlueprint /Game/Blueprints/UI/HUD.HUD
[2020.09.19-14.47.30:541][799]LogWorld: UWorld::CleanupWorld for World_10, bSessionEnded=true, bCleanupResources=true
[2020.09.19-14.47.30:541][799]LogSlate: InvalidateAllWidgets triggered.  All widgets were invalidated
[2020.09.19-14.47.30:553][799]LogWorld: UWorld::CleanupWorld for World_9, bSessionEnded=true, bCleanupResources=true
[2020.09.19-14.47.30:553][799]LogSlate: InvalidateAllWidgets triggered.  All widgets were invalidated
[2020.09.19-14.47.32:375][  1]LogAssetEditorSubsystem: Opening Asset editor for WidgetBlueprint /Game/Blueprints/UI/WinMenu.WinMenu
[2020.09.19-14.50.20:607][555]BlueprintLog: New page: Compile WinMenu
[2020.09.19-14.50.20:639][555]LogUObjectHash: Compacting FUObjectHashTables data took   2.44ms
[2020.09.19-14.50.35:523][161]LogSlate: Window 'Color Picker' being destroyed
[2020.09.19-14.50.36:983][326]BlueprintLog: New page: Compile WinMenu
[2020.09.19-14.50.37:012][326]LogUObjectHash: Compacting FUObjectHashTables data took   2.55ms
[2020.09.19-14.50.37:941][423]Cmd: OBJ SAVEPACKAGE PACKAGE="/Game/Blueprints/UI/WinMenu" FILE="D:/Projects/Unreal Projects/Github Repos/SpaceShooter/Content/Blueprints/UI/WinMenu.uasset" SILENT=true
[2020.09.19-14.50.38:006][423]LogSavePackage: Moving 'D:/Projects/Unreal Projects/Github Repos/SpaceShooter/Saved/WinMenuCAE5C05A42E3065E7EECC7A9C6108711.tmp' to 'D:/Projects/Unreal Projects/Github Repos/SpaceShooter/Content/Blueprints/UI/WinMenu.uasset'
[2020.09.19-14.50.38:026][423]AssetCheck: New page: Asset Save: WinMenu
[2020.09.19-14.50.38:026][423]LogContentValidation: Display: Validating WidgetBlueprint /Game/Blueprints/UI/WinMenu.WinMenu
